BAM 5.2 *ZUG01-V03* RX5163DV.lis
--------------------------------

Versuchsbezeichnung                 				ZUG-Versuch
Versuchs-Datum                      				13.08.2013
Projekt                             				Test-Versuch
Werkstoff                           				V2A
Bearbeiter                          				Uhlemann
Prüfmaschine                        				M03
Probenbezeichnung                   				RX5163DV
Probenform                          				ZUG 005.001
Probenquerschnitt                   			mm²	78,66
Prüftemperatur                      			°C	RT
Prüfgeschwindigkeit 1               			mm/min	6
Umschaltpunkt                       			%	2
Prüfgeschwindigkeit 2               			mm/min	27
Anfangsmesslänge                    			mm	50
E-Modul                             			GPa	201
Dehngrenze (Rp0,2)                  			MPa	243
Obere Streckgrenze                  			MPa	-
Untere Streckgrenze                 			MPa	-
Zugfestigkeit                       			MPa	607
Gleichmaßdehnung                    			%	46,6
Bruchdehnung                        			%	55,0
Brucheinschnürung                   			%	-
-



-
[Daten]
Zeit	Weg	Kraft	Dehnung	Spannung
sec	mm	kN	%	MPa
0	0	0,00062	0	0,00784
0,1	0,00256	-0,00013	-1,99999020004802E-05	-0,00165
0,2	0,00932	0,00014	9,99995100024016E-06	0,00174
0,3	0,01816	0,00142	-9,99995100024005E-06	0,01812
0,4	0,02792	0,00057	-1,99999020004802E-05	0,00724
0,5	0,0378	0,00048	-2,99998530007203E-05	0,00613
0,6	0,04768	0,00055	-1,99999020004802E-05	0,007
0,7	0,0576	0,00079	-9,99995100024005E-06	0,01008
0,8	0,06764	0,00115	-9,99995100024005E-06	0,0146
0,9	0,0776	0,00114	9,99995100024016E-06	0,01455
1	0,08764	0,00069	0	0,00882
1,1	0,09768	0,00147	0	0,01873
1,2	0,10764	0,00221	2,99998530007203E-05	0,0281
1,3	0,11764	0,00343	1,99999020004803E-05	0,04357
1,4	0,12768	0,00401	1,99999020004803E-05	0,05101
1,5	0,13768	0,01613	9,9999510002401E-05	0,20509
1,6	0,14772	0,04108	0,000259998726006243	0,52227
1,7	0,1578	0,07835	0,000469997697011285	0,99604
1,8	0,16784	0,12284	0,000749996325018007	1,56171
1,9	0,1778	0,17626	0,00107999470802593	2,24086
2	0,1878	0,23738	0,00143999294403457	3,01793
2,1	0,1978	0,30642	0,0018699908370449	3,89554
2,2	0,20776	0,38217	0,00233998853405618	4,85858
2,3	0,21772	0,46406	0,00285998598606867	5,89966
2,4	0,2278	0,55138	0,00341998324208211	7,00983
2,5	0,2378	0,64198	0,0039899804490958	8,16161
2,6	0,24776	0,7387	0,00455997765610949	9,39132
2,7	0,25772	0,83815	0,00517997461812437	10,65563
2,798	0,26748	0,93957	0,00579997158013926	11,94504
2,892	0,27684	1,0397	0,0064099685911539	13,21795
2,982	0,28588	1,1399	0,00705996540616951	14,49186
3,07	0,29468	1,24145	0,0077299621231856	15,78294
3,156	0,30332	1,34279	0,00834995908520048	17,07125
3,24	0,31168	1,44472	0,00895995609621513	18,36711
3,322	0,31988	1,54511	0,00956995310722977	19,64334
3,402	0,32788	1,64736	0,0101699501672442	20,94337
3,48	0,33568	1,74987	0,0108099470312595	22,2466
3,556	0,34324	1,85088	0,0114899436992759	23,53073
3,63	0,35068	1,952	0,012119940612291	24,81635
3,702	0,35788	2,05264	0,0127299376233056	26,09579
3,774	0,36504	2,15386	0,0133899343893215	27,38263
3,846	0,37224	2,25554	0,0139899314493359	28,67525
3,916	0,3792	2,35644	0,0145999284603505	29,95802
3,986	0,38616	2,45859	0,0152399253243659	31,25667
4,054	0,393	2,56052	0,0158999220903818	32,55251
4,122	0,39976	2,66339	0,0165499189053974	33,86042
4,188	0,40628	2,76359	0,0171399160144115	35,13422
4,254	0,41292	2,86506	0,0177899128294271	36,42423
4,32	0,4196	2,96815	0,018449909595443	37,7349
4,384	0,42604	3,06896	0,0190799065084581	39,01652
4,448	0,4324	3,16975	0,0197499032254742	40,29784
4,51	0,4386	3,27044	0,0203499002854886	41,57793
4,574	0,44496	3,37314	0,0209798971985037	42,88359
4,636	0,45116	3,47362	0,0215898942095184	44,161
4,698	0,45732	3,57601	0,0222298910735337	45,46281
4,758	0,46332	3,6773	0,0228298881335481	46,75052
4,818	0,46928	3,77749	0,023489884899564	48,0242
4,878	0,47524	3,88052	0,0241898814695808	49,33409
4,938	0,48128	3,98373	0,0248398782845964	50,64622
4,996	0,48712	4,08618	0,0254498752956111	51,94865
5,054	0,49292	4,18832	0,0260798722086262	53,24721
5,11	0,49848	4,28866	0,0266698693176403	54,52281
5,168	0,50428	4,39083	0,0273098661816557	55,82179
5,224	0,50988	4,49307	0,0279598629966713	57,12158
5,28	0,51548	4,59396	0,0286198597626872	58,40428
5,336	0,52108	4,69719	0,0292698565777028	59,71665
5,39	0,52648	4,79895	0,0299098534417181	61,01026
5,444	0,53184	4,90196	0,0305498503057335	62,31998
5,5	0,5374	5,00393	0,0311898471697489	63,61628
5,554	0,54276	5,10716	0,0318298440337642	64,92863
5,608	0,5482	5,20975	0,0324798408487798	66,23291
5,66	0,55344	5,31181	0,0330998378107947	67,53049
5,712	0,55864	5,41275	0,0337298347238099	68,81375
5,764	0,56384	5,51626	0,0343698315878252	70,12965
5,818	0,5692	5,61914	0,0350298283538411	71,43764
5,868	0,57416	5,72039	0,035649825315856	72,72483
5,92	0,57932	5,82161	0,036319822032872	74,01165
5,972	0,58452	5,92571	0,0370198186028889	75,33513
6,022	0,58952	6,02836	0,0376198156629033	76,64009
6,072	0,59452	6,12921	0,0382498125759184	77,92221
6,122	0,59952	6,22989	0,0388698095379333	79,20227
6,172	0,60448	6,3326	0,0394998064509484	80,508
6,222	0,60948	6,43397	0,0401598032169642	81,79678
6,27	0,61432	6,53576	0,0408197999829801	83,09079
6,318	0,61916	6,6372	0,041439796944995	84,38052
6,366	0,62396	6,73741	0,0420797938090103	85,65443
6,416	0,62892	6,8415	0,0427197906730257	86,97781
6,464	0,63372	6,9433	0,0433697874880413	88,27199
6,512	0,63852	7,04369	0,0439897844500562	89,54826
6,558	0,64312	7,14469	0,0446397812650718	90,8324
6,606	0,64792	7,24629	0,0452997780310876	92,12402
6,652	0,65252	7,34727	0,045939774895103	93,40785
6,7	0,65732	7,4512	0,0465797717591184	94,72906
6,746	0,66188	7,55178	0,0472197686231338	96,00774
6,794	0,66664	7,65568	0,0478597654871491	97,32869
6,84	0,67124	7,75706	0,0485097623021647	98,61753
6,886	0,6758	7,85768	0,0491897589701811	99,89677
6,932	0,68044	7,95969	0,0498297558341964	101,19362
6,978	0,68504	8,06145	0,0504697526982118	102,48738
7,024	0,6896	8,16545	0,0511197495132274	103,80949
7,07	0,6942	8,26866	0,051769746328243	105,1217
7,116	0,69876	8,37277	0,0524297430942588	106,44526
7,162	0,70332	8,4772	0,0530997398112749	107,77288
7,206	0,70768	8,57908	0,0537297367242901	109,06817
7,252	0,71228	8,68298	0,0543897334903059	110,38898
7,296	0,71668	8,786	0,0550397303053215	111,69869
7,342	0,72124	8,89017	0,0556897271203371	113,02309
7,386	0,72564	8,99115	0,056349723886353	114,3069
7,43	0,73004	9,09337	0,0570397205053695	115,60645
7,474	0,7344	9,19485	0,0576897173203851	116,89657
7,518	0,73876	9,29746	0,0583097142824	118,2011
7,56	0,743	9,39896	0,0589297112444149	119,49149
7,604	0,74744	9,50217	0,0595697081084303	120,80363
7,646	0,7516	9,60326	0,0602097049724456	122,08877
7,688	0,75576	9,70337	0,0608697017384615	123,36148
7,732	0,76012	9,80666	0,0615396984554776	124,67469
7,776	0,76452	9,91105	0,0622296950744941	126,00186
7,82	0,76888	10,01513	0,06288969184051	127,32497
7,864	0,77328	10,11953	0,0635296887045253	128,6523
7,906	0,77748	10,22136	0,0641696855685407	129,94682
7,948	0,78168	10,32289	0,0647996824815558	131,23758
7,99	0,78592	10,42555	0,0654896791005724	132,5428
8,032	0,79008	10,52843	0,0661196760135875	133,85075
8,074	0,79428	10,63078	0,0667796727796034	135,15199
8,116	0,79844	10,7343	0,0674396695456192	136,46797
8,158	0,80264	10,83708	0,0680996663116351	137,77469
8,2	0,80684	10,94012	0,0687696630286512	139,0847
8,24	0,81084	11,04074	0,0694396597456673	140,36385
8,28	0,81488	11,14103	0,0700696566586824	141,6389
8,32	0,81888	11,24147	0,0706996535716975	142,9158
8,36	0,82288	11,3417	0,0713096505827121	144,19009
8,4	0,82684	11,44203	0,0719496474467275	145,4655
8,44	0,8308	11,54317	0,0725796443597426	146,75139
8,48	0,83476	11,64445	0,0732696409787592	148,03903
8,52	0,83876	11,74527	0,0739496376467755	149,32071
8,56	0,84272	11,84749	0,0745996344617911	150,62027
8,6	0,84672	11,95089	0,0752396313258065	151,93477
8,64	0,85072	12,05345	0,0758696282388216	153,23872
8,68	0,85472	12,15577	0,0765396249558377	154,53949
8,72	0,85868	12,25712	0,0772196216238541	155,82797
8,76	0,86268	12,35901	0,0778896183408701	157,12337
8,8	0,86664	12,46171	0,0785596150578862	158,42906
8,84	0,87064	12,56485	0,0792196118239021	159,74028
8,88	0,87464	12,66899	0,0798896085409181	161,06424
8,918	0,87844	12,76907	0,0805296054049335	162,33658
8,958	0,88244	12,87425	0,0812296019749503	163,67372
8,998	0,8864	12,97914	0,0819395984959674	165,00729
9,038	0,89036	13,08321	0,0826295951149839	166,33026
9,076	0,89412	13,18345	0,0832795919299995	167,60474
9,116	0,89808	13,28755	0,0839595885980159	168,92813
9,156	0,90204	13,39135	0,0846395852660322	170,24785
9,196	0,906	13,49635	0,0853495817870493	171,58266
9,236	0,90996	13,60143	0,0860695782590665	172,91855
9,276	0,91392	13,70626	0,0867895747310838	174,25136
9,314	0,91772	13,8067	0,0874795713501004	175,52818
9,352	0,92152	13,90774	0,088169567969117	176,81284
9,39	0,92528	14,00803	0,0888595645881335	178,08784
9,43	0,92924	14,11321	0,0896195608641518	179,42494
9,468	0,93304	14,21378	0,0903395573361691	180,70349
9,506	0,9368	14,31426	0,0910595538081864	181,98097
9,544	0,94064	14,41574	0,0917595503782031	183,27107
9,582	0,94448	14,51837	0,0924995467522209	184,57588
9,62	0,94828	14,61994	0,0932595430282392	185,86716
9,658	0,95208	14,72208	0,0940695390592586	187,16577
9,696	0,95584	14,82349	0,0948495352372773	188,45499
9,734	0,95964	14,92427	0,0956295314152961	189,73621
9,772	0,96344	15,02645	0,0963895276913143	191,03526
9,81	0,96724	15,12855	0,0971895237713335	192,33321
9,848	0,97104	15,23082	0,0980095197533532	193,63341
9,886	0,97484	15,33411	0,0988495156373734	194,94664
9,924	0,97864	15,43489	0,0997195113743943	196,2278
9,962	0,98244	15,53703	0,100609507013416	197,52635
10	0,98624	15,63955	0,101489502701437	198,82977
10,038	0,99	15,74034	0,102419498144459	200,11116
10,076	0,9938	15,84077	0,103319493734481	201,38785
10,114	0,9976	15,94309	0,104249489177503	202,68867
10,154	1,0016	16,04732	0,105289484081528	204,01378
10,192	1,00544	16,14826	0,106359478838554	205,29716
10,23	1,00928	16,25163	0,107419473644579	206,61133
10,268	1,01316	16,35323	0,108459468548604	207,90289
10,306	1,01696	16,45376	0,10954946320763	209,18097
10,346	1,02096	16,55774	0,110809457033661	210,50299
10,386	1,02492	16,6589	0,112089450761691	211,78896
10,426	1,02892	16,76142	0,113349444587722	213,09235
10,466	1,03288	16,8626	0,114709437923754	214,37866
10,506	1,03684	16,96292	0,116109431063788	215,65408
10,548	1,04104	17,06632	0,117659423468825	216,96863
10,59	1,04524	17,16917	0,119309415383865	218,27625
10,632	1,04936	17,27052	0,120969407249904	219,56474
10,676	1,05364	17,37106	0,12286939793995	220,84283
10,722	1,05812	17,4739	0,124899387992999	222,15027
10,768	1,0626	17,57665	0,127109377164052	223,4566
10,816	1,0674	17,68027	0,12953936525711	224,77396
10,864	1,0722	17,78434	0,132189352272174	226,097
10,914	1,07724	17,88762	0,135159337719245	227,41005
10,964	1,08224	17,98771	0,138399321843323	228,68253
11,02	1,08784	18,09075	0,142319302635417	229,99255
11,08	1,09388	18,1928	0,146929280046528	231,28989
11,146	1,10048	18,29389	0,152559252459663	232,57501
11,218	1,10772	18,39588	0,159339219237826	233,87169
11,306	1,11656	18,49785	0,168609173815048	235,16801
11,406	1,12652	18,59015	0,18035911624033	236,34151
11,506	1,13652	18,66168	0,193189053373638	237,2509
11,606	1,14656	18,72335	0,206878986292967	238,03488
11,706	1,15652	18,77121	0,221128916468309	238,64339
11,806	1,16648	18,81496	0,235658845271658	239,19962
11,906	1,17652	18,85827	0,250398773046012	239,75017
12,006	1,18652	18,90349	0,265168700673367	240,32513
12,106	1,19652	18,94871	0,27988862854572	240,90001
12,206	1,20656	19,0001	0,294588556516073	241,5533
12,306	1,2166	19,04971	0,309228484780425	242,18401
12,406	1,2266	19,09651	0,323748413632773	242,77904
12,506	1,2366	19,1467	0,338138343122119	243,4171
12,606	1,24664	19,20335	0,352488272807463	244,13733
12,706	1,2566	19,25606	0,366698203178804	244,80737
12,806	1,2666	19,30813	0,380478135657135	245,46942
12,906	1,27668	19,36361	0,394498066959472	246,1747
13,006	1,28664	19,41857	0,408477998457808	246,87341
13,106	1,2966	19,47219	0,422437930054143	247,55516
13,206	1,3066	19,52885	0,436337861944476	248,27545
13,306	1,31656	19,58826	0,450307793491812	249,03078
13,406	1,32652	19,64238	0,464207725382146	249,71877
13,506	1,33656	19,69868	0,47811765722348	250,43456
13,606	1,34656	19,75434	0,492077588819815	251,14215
13,706	1,35648	19,81026	0,505967520759148	251,8531
13,806	1,3664	19,86368	0,519847452747482	252,53217
13,906	1,37644	19,92025	0,533737384686815	253,25137
14,006	1,3864	19,97337	0,547717316185151	253,92677
14,106	1,39636	20,02607	0,561637247977485	254,59669
14,206	1,4064	20,08203	0,575617179475821	255,30818
14,306	1,4164	20,13316	0,589597110974156	255,95824
14,406	1,42636	20,18408	0,603557042570491	256,60556
14,506	1,43636	20,23586	0,617476974362826	257,26392
14,606	1,4464	20,2883	0,631456905861161	257,9306
14,706	1,45636	20,3362	0,645436837359497	258,53949
14,806	1,46644	20,38882	0,659446768710833	259,2085
14,906	1,47648	20,4458	0,673566699523172	259,93286
15,006	1,48648	20,49562	0,687736630090513	260,56628
15,106	1,49644	20,54181	0,701866560853852	261,1535
15,206	1,50644	20,58982	0,716056491323192	261,76382
15,306	1,51644	20,64164	0,730276421645534	262,42261
15,406	1,52636	20,6882	0,744466352114875	263,01453
15,506	1,5364	20,73707	0,758726282241217	263,63589
15,606	1,5464	20,78244	0,77299621231856	264,21268
15,706	1,5564	20,82687	0,787236142542902	264,77759
15,806	1,56636	20,87302	0,801436072963242	265,36426
15,906	1,57636	20,91929	0,815716002991585	265,95255
16,006	1,58628	20,96172	0,829965933166927	266,49194
16,106	1,59628	21,0031	0,844135863734268	267,01797
16,206	1,60636	21,05053	0,85837579395861	267,62094
16,306	1,61636	21,09624	0,872665723937953	268,20203
16,406	1,62632	21,1367	0,886965653868296	268,7164
16,506	1,63636	21,18102	0,90129558365164	269,27988
16,606	1,64636	21,22581	0,915655513287985	269,8494
16,706	1,65632	21,27045	0,93003544282633	270,41687
16,806	1,66636	21,31384	0,944505371923678	270,96851
16,906	1,67636	21,35544	0,959015300825026	271,49738
17,006	1,68632	21,39516	0,973505229824374	272,00241
17,106	1,69624	21,43578	0,988025158676722	272,5188
17,206	1,70628	21,48103	1,00257508738207	273,09406
17,306	1,71624	21,52037	1,01715501594042	273,59418
17,406	1,72624	21,55886	1,03168494474377	274,0835
17,506	1,73632	21,60034	1,04628487320412	274,61084
17,606	1,74636	21,64072	1,06090480156647	275,12424
17,706	1,75628	21,67917	1,07550473002682	275,61301
17,806	1,76628	21,71271	1,08997465912417	276,03946
17,906	1,77624	21,75126	1,10447458807452	276,52954
18,006	1,7862	21,7902	1,11896451707387	277,02457
18,106	1,79624	21,83072	1,13351444577922	277,53973
18,206	1,80628	21,87224	1,14819437384757	278,06763
18,306	1,81628	21,90839	1,16282430216092	278,52716
18,406	1,82624	21,94613	1,17748423032727	279,00693
18,506	1,83628	21,98353	1,19216415839562	279,48245
18,606	1,8462	22,01956	1,20684408646398	279,94049
18,706	1,85612	22,05714	1,22149401467933	280,4183
18,806	1,86616	22,0957	1,23619394264968	280,90848
18,906	1,87616	22,13181	1,25092387047303	281,36752
19,006	1,88608	22,1653	1,26561379849239	281,79327
19,106	1,89604	22,19982	1,28032372641374	282,23224
19,206	1,90604	22,23627	1,29499365453109	282,69565
19,306	1,916	22,26883	1,30968358255045	283,10953
19,406	1,92604	22,30642	1,3243335107658	283,58749
19,506	1,93608	22,34329	1,33907343854015	284,05615
19,606	1,94608	22,37626	1,3537933664125	284,47537
19,706	1,95608	22,40836	1,36848329443186	284,88339
19,806	1,96608	22,44497	1,38320322230421	285,34885
19,906	1,97604	22,47984	1,39797314993157	285,79211
20,006	1,986	22,51296	1,41272307765692	286,21326
20,106	1,996	22,54954	1,42748300533327	286,67828
20,206	2,006	22,58352	1,44231293266663	287,11032
20,306	2,01592	22,61787	1,45710286019599	287,54703
20,406	2,02592	22,65138	1,47193278752934	287,97296
20,506	2,03596	22,68677	1,4868027146667	288,42288
20,606	2,04588	22,71735	1,50161264209805	288,81174
20,706	2,05584	22,74847	1,51640256962741	289,20728
20,806	2,06584	22,78132	1,53122249700976	289,62497
20,906	2,07584	22,81124	1,54599242463712	290,00534
21,006	2,08588	22,84584	1,56078235216647	290,44516
21,106	2,09592	22,87852	1,57557227969583	290,86075
21,206	2,10596	22,91351	1,59041220698019	291,30551
21,306	2,11596	22,94503	1,60523213436254	291,7063
21,406	2,12608	22,97855	1,6200720616469	292,13235
21,506	2,13604	23,00849	1,63496198868626	292,51297
21,606	2,146	23,039	1,64979191601961	292,90094
21,706	2,15596	23,07107	1,66465184320597	293,30856
21,806	2,166	23,10356	1,67956177014733	293,72174
21,906	2,17596	23,13623	1,69442169733368	294,13705
22,006	2,18596	23,16593	1,70934162422604	294,51465
22,106	2,196	23,20122	1,7242715510694	294,9632
22,206	2,20596	23,22949	1,73922147781476	295,32272
22,306	2,21592	23,25891	1,75411140485412	295,69672
22,406	2,22592	23,28948	1,76901133184447	296,0853
22,506	2,23592	23,32079	1,78392125878583	296,4834
22,606	2,24588	23,34915	1,79879118592319	296,84399
22,706	2,25596	23,38101	1,81369111291355	297,24896
22,806	2,266	23,41257	1,82862103975691	297,65024
22,906	2,27596	23,43902	1,84352096674726	297,98648
23,006	2,28596	23,4685	1,85838089393362	298,36121
23,106	2,296	23,50263	1,87332082072798	298,7951
23,206	2,306	23,53302	1,88830074732634	299,18152
23,306	2,31604	23,56337	1,9032506740717	299,56732
23,406	2,3262	23,5981	1,91835060008206	300,00891
23,506	2,33616	23,62559	1,93345052609242	300,35834
23,606	2,34616	23,65135	1,94850045234778	300,68591
23,706	2,35612	23,68055	1,96348037894614	301,05713
23,806	2,36588	23,70252	1,9783703059855	301,33643
23,906	2,37576	23,73114	1,99313023366186	301,70029
23,95	2,3802	23,74618	1,99898654096595	301,89142
23,952	2,3804	23,74684	1,99928445950615	301,8999
24,014	2,39284	23,84951	2,01781499270654	303,20511
24,032	2,39848	23,95491	2,02621629554015	304,54517
24,048	2,40396	24,06151	2,03437926354161	305,90033
24,064	2,40984	24,16768	2,04313806862346	307,25012
24,08	2,41596	24,2678	2,05225437595356	308,52295
24,098	2,42316	24,37041	2,06297944340073	309,82748
24,12	2,4322	24,47927	2,07644536141773	311,21143
24,146	2,44316	24,58356	2,09277129742064	312,53729
24,18	2,45788	24,68433	2,1146981019793	313,81845
24,228	2,47896	24,78717	2,14609871611629	315,12585
34,938	2,78816	25,64797	2,60668077926418	326,06943
35,022	2,82596	25,74808	2,66298738336182	327,34213
35,108	2,86468	25,8488	2,72066441274438	328,62265
35,2	2,90608	25,95011	2,7823335505656	329,91068
35,294	2,94836	26,05076	2,8453135299637	331,19025
35,382	2,98796	26,15216	2,90430140092314	332,4794
35,472	3,02852	26,25285	2,96471928087552	333,75946
35,566	3,0708	26,3534	3,02769926027362	335,03781
35,664	3,11492	26,45468	3,09342009024156	336,32538
35,756	3,15644	26,55642	3,1552679791869	337,61884
35,852	3,19956	26,65783	3,21949921645384	338,90805
35,952	3,24456	26,75641	3,28653088799865	340,16138
36,052	3,28968	26,85635	3,35374131066758	341,43192
36,146	3,33188	26,95692	3,4166021226496	342,71045
36,246	3,37676	27,05698	3,48345504307029	343,98251
36,346	3,42172	27,15352	3,55042713090706	345,20996
36,446	3,46672	27,24777	3,61745880245187	346,40811
36,546	3,51172	27,34953	3,68449047399668	347,70178
36,646	3,55668	27,44598	3,75146256183345	348,92807
36,746	3,60168	27,53596	3,81849423337826	350,07199
36,846	3,64684	27,63361	3,88576423975523	351,31342
36,946	3,69168	27,72698	3,95255757646788	352,50049
37,046	3,73664	27,8181	4,01952966430465	353,65894
37,146	3,78164	27,90787	4,08656133584946	354,80011
37,246	3,82668	28,00566	4,1536525911023	356,04337
37,346	3,87164	28,09332	4,22062467893907	357,15778
37,446	3,9166	28,18183	4,28759676677584	358,28311
37,546	3,96164	28,2696	4,35468802202869	359,39896
37,646	4,0066	28,36154	4,42166010986546	360,56778
37,746	4,05156	28,44947	4,48863219770223	361,6857
37,846	4,09668	28,53368	4,55584262037116	362,75623
37,946	4,14176	28,62031	4,62299345933205	363,85757
38,046	4,18672	28,70861	4,68996554716882	364,98019
38,146	4,23168	28,7922	4,75693763500559	366,04291
38,246	4,27664	28,87293	4,82390972284236	367,06915
38,346	4,32156	28,95841	4,89082222697109	368,15594
38,446	4,3666	29,04464	4,95791348222394	369,25226
38,546	4,41152	29,12234	5,02482598635267	370,24008
38,646	4,45656	29,20193	5,09191724160552	371,25186
38,746	4,50148	29,28613	5,15882974573425	372,3223
38,846	4,54652	29,37159	5,2259210009871	373,40875
38,946	4,59156	29,44952	5,29301225623994	374,3996
39,046	4,63656	29,5291	5,36004392778475	375,41132
39,146	4,68152	29,61347	5,42701601562152	376,48395
39,246	4,72648	29,69158	5,49398810345829	377,47693
39,346	4,77152	29,76705	5,56107935871114	378,43634
39,446	4,81652	29,84846	5,62811103025595	379,47141
39,546	4,86144	29,92585	5,69502353438468	380,45529
39,646	4,9064	30,00376	5,76199562222145	381,44574
39,746	4,95148	30,07901	5,82914646118234	382,40244
39,846	4,99632	30,15398	5,89593979789499	383,35556
39,946	5,04132	30,23546	5,9629714694398	384,39139
40,046	5,08632	30,30771	6,03000314098461	385,31
40,146	5,1314	30,3827	6,0971539799455	386,26328
40,246	5,17648	30,46386	6,16430481890639	387,2951
40,346	5,22152	30,53512	6,23139607415924	388,20108
40,446	5,26652	30,60184	6,29842774570405	389,04929
40,546	5,31148	30,67668	6,36539983354082	390,00082
40,646	5,35644	30,75462	6,43237192137759	390,99161
40,746	5,40148	30,82885	6,49946317663044	391,93539
40,846	5,44652	30,89785	6,56655443188328	392,81259
40,946	5,49152	30,9738	6,63358610342809	393,77814
41,046	5,53644	31,04672	6,70049860755682	394,70517
41,146	5,58148	31,11758	6,76758986280967	395,60599
41,246	5,62644	31,18309	6,83456195064644	396,43893
41,346	5,67148	31,26202	6,90165320589929	397,44232
41,446	5,71644	31,33256	6,96862529373606	398,3392
41,546	5,7614	31,39611	7,03559738157283	399,14706
41,646	5,80628	31,46697	7,10245030199352	400,04797
41,746	5,8512	31,54075	7,16936280612225	400,9859
41,846	5,8962	31,61047	7,23639447766706	401,87225
41,946	5,94124	31,67545	7,30348573291991	402,69836
42,046	5,9862	31,7461	7,37045782075668	403,59653
42,146	6,03112	31,81763	7,43737032488541	404,50595
42,246	6,07624	31,8848	7,50458074755434	405,35986
42,346	6,1212	31,94876	7,57155283539111	406,173
42,446	6,16616	32,01637	7,63852492322788	407,03262
42,546	6,2112	32,08776	7,70561617848073	407,94022
42,646	6,25632	32,15131	7,77282660114966	408,74808
42,746	6,3012	32,21366	7,83967952157034	409,5408
42,846	6,3462	32,28768	7,90671119311515	410,48181
42,946	6,3912	32,35194	7,97374286465996	411,29877
43,046	6,43624	32,41095	8,04083411991281	412,04895
43,146	6,48128	32,48084	8,10792537516566	412,9375
43,246	6,52632	32,55045	8,17501663041851	413,82251
43,346	6,57132	32,60954	8,24204830196332	414,57373
43,446	6,61628	32,67103	8,30902038980009	415,35547
43,546	6,66124	32,73955	8,37599247763686	416,22656
43,646	6,7062	32,80723	8,44296456547363	417,08704
43,746	6,75124	32,86852	8,51005582072648	417,86621
43,846	6,79624	32,93067	8,57708749227129	418,65631
43,946	6,84116	32,99474	8,64399999640002	419,47083
44,046	6,88616	33,05607	8,71103166794483	420,25055
44,146	6,931	33,11573	8,77782500465748	421,00903
44,246	6,97612	33,18445	8,84503542732641	421,88272
44,346	7,02108	33,24536	8,91200751516318	422,65714
44,446	7,06604	33,30816	8,97897960299995	423,45547
44,546	7,11104	33,3645	9,04601127454475	424,17172
44,646	7,156	33,42817	9,11298336238153	424,9812
44,746	7,20104	33,49338	9,18007461763438	425,81024
44,846	7,24608	33,55077	9,24716587288722	426,53979
44,946	7,29108	33,60809	9,31419754443203	427,26852
45,046	7,33596	33,67163	9,38105046485272	428,07639
45,146	7,381	33,73554	9,44814172010557	428,88885
45,246	7,426	33,79045	9,51517339165038	429,58691
45,346	7,471	33,84679	9,58220506319519	430,30316
45,446	7,51608	33,91136	9,64935590215608	431,12408
45,546	7,56112	33,9717	9,71644715740893	431,89117
45,646	7,60604	34,02351	9,78335966153766	432,54996
45,746	7,65104	34,08543	9,85039133308247	433,33716
45,846	7,696	34,1462	9,91736342091924	434,10971
45,946	7,741	34,20104	9,98439509246405	434,80685
46,046	7,78608	34,25834	10,051545927425	435,53534
46,146	7,83104	34,31732	10,1185180192617	436,28522
46,246	7,876	34,37812	10,1854901110985	437,05811
46,346	7,92104	34,43201	10,2525813623513	437,74323
46,446	7,966	34,48508	10,3195534541881	438,418
46,546	8,01104	34,54752	10,3866447054409	439,21182
46,646	8,05608	34,60558	10,4537359566938	439,94992
46,746	8,10108	34,65352	10,5207676282386	440,55936
46,846	8,146	34,70956	10,5876801403673	441,27182
46,946	8,19092	34,77097	10,6545926424961	442,05249
47,046	8,23584	34,82504	10,7215051446248	442,73996
47,146	8,28088	34,87702	10,7885963958777	443,40085
47,246	8,32588	34,9335	10,8556280674225	444,11887
47,346	8,37088	34,99421	10,9226597389673	444,89062
47,446	8,41588	35,04298	10,9896914105121	445,51074
47,546	8,46088	35,09261	11,0567230820569	446,1416
47,646	8,50596	35,15372	11,1238739230178	446,91855
47,746	8,55096	35,20539	11,1909055945626	447,57544
47,846	8,59596	35,25419	11,2579372661074	448,1958
47,946	8,64088	35,30896	11,3248497682361	448,89212
48,046	8,68592	35,36858	11,391941029489	449,65009
48,146	8,73088	35,41997	11,4589131113258	450,30344
48,246	8,77584	35,46831	11,5258852031625	450,91803
48,346	8,82092	35,52341	11,5930360441234	451,6185
48,446	8,86596	35,57981	11,6601272953763	452,33554
48,546	8,91088	35,62831	11,727039797505	452,95212
48,646	8,95584	35,67607	11,7940118893417	453,55936
48,746	9,00092	35,73173	11,8611627303026	454,267
48,846	9,04592	35,7831	11,9281944018474	454,92004
48,946	9,09096	35,83237	11,9952856531003	455,54645
49,046	9,13596	35,87915	12,0623173246451	456,14117
49,146	9,18092	35,93539	12,1292894164819	456,85611
49,246	9,22588	35,98636	12,1962614983187	457,50415
49,346	9,27084	36,03337	12,2632335901554	458,10184
49,446	9,3158	36,0845	12,3302056819922	458,75186
49,546	9,36084	36,13648	12,397296933245	459,4126
49,646	9,40592	36,1853	12,4644477742059	460,03326
49,746	9,4508	36,23167	12,5313006966266	460,62286
49,846	9,49584	36,28673	12,5983919478795	461,32281
49,946	9,5408	36,33519	12,6653640397162	461,93887
50,046	9,58576	36,38049	12,732336121553	462,51483
50,146	9,63084	36,42875	12,7994869625139	463,1283
50,246	9,67588	36,48217	12,8665782137668	463,80753
50,346	9,7208	36,52814	12,9334907258954	464,39197
50,446	9,76572	36,57157	13,0004032280242	464,94412
50,546	9,81072	36,62152	13,067434899569	465,57904
50,646	9,85568	36,67472	13,1344069814058	466,25546
50,746	9,90068	36,72024	13,2014386529506	466,83417
50,846	9,94564	36,76398	13,2684107447874	467,3902
50,946	9,99072	36,81243	13,3355615857482	468,0062
51,046	10,03572	36,86128	13,402593257293	468,62726
51,146	10,08068	36,90493	13,4695653391298	469,18222
51,246	10,12572	36,95146	13,5366566003827	469,77377
51,346	10,17084	37,00345	13,6038670210516	470,43469
51,446	10,2158	37,04924	13,6708391128883	471,01682
51,546	10,26076	37,09141	13,7378111947251	471,55289
51,646	10,30584	37,13808	13,804962035686	472,1463
51,746	10,35088	37,18545	13,8720532869389	472,74847
51,846	10,39596	37,23123	13,9392041278998	473,33054
51,946	10,44096	37,27596	14,0062357994446	473,89911
52,046	10,48596	37,31905	14,0732674709894	474,44693
52,146	10,53092	37,36694	14,1402395628261	475,05582
52,246	10,57588	37,41054	14,2072116446629	475,61008
52,346	10,62076	37,45126	14,2740645670836	476,12778
52,446	10,66576	37,50148	14,3410962386284	476,76627
52,546	10,71068	37,54527	14,4080087407572	477,32294
52,646	10,7556	37,58666	14,4749212528859	477,84921
52,746	10,80064	37,63158	14,5420125041387	478,42023
52,846	10,8456	37,67875	14,6089845959755	479,01987
52,946	10,89052	37,72131	14,6758970981042	479,56097
53,046	10,93556	37,76321	14,7429883493571	480,09363
53,146	10,9806	37,80513	14,8100796106099	480,62659
53,246	11,02556	37,85309	14,8770516924467	481,23633
53,346	11,07048	37,8935	14,9439641945754	481,75015
53,446	11,11552	37,93457	15,0110554558283	482,27225
53,546	11,16052	37,97731	15,0780871273731	482,81561
53,646	11,20556	38,02129	15,1451783786259	483,37473
53,746	11,2506	38,06294	15,2122696398788	483,90424
53,846	11,29564	38,10587	15,2793608911316	484,44998
53,946	11,34068	38,15009	15,3464521423845	485,01224
54,046	11,38572	38,19094	15,4135434036373	485,53159
54,146	11,43076	38,23091	15,4806346548902	486,03973
54,246	11,47584	38,27272	15,5477854958511	486,57129
54,346	11,52084	38,31863	15,6148171673959	487,15491
54,446	11,56568	38,35262	15,6816105001086	487,58707
54,546	11,61068	38,39332	15,7486421716534	488,1044
54,646	11,65564	38,4381	15,8156142634901	488,67374
54,746	11,70068	38,48377	15,882705514743	489,25436
54,846	11,74564	38,52131	15,9496776065797	489,73163
54,946	11,79056	38,55758	16,0165901087085	490,19275
55,046	11,8356	38,60247	16,0836813699613	490,76349
55,146	11,88052	38,64217	16,15059387209	491,26813
55,246	11,92552	38,68073	16,2176255436348	491,75836
55,346	11,9706	38,72058	16,2847763845957	492,26505
55,446	12,0156	38,76393	16,3518080561405	492,8161
55,546	12,06052	38,80055	16,4187205582693	493,28162
55,646	12,10552	38,84137	16,4857522298141	493,80063
55,746	12,15052	38,87919	16,5527839013589	494,2814
55,846	12,19544	38,92175	16,6196964034876	494,82251
55,946	12,24048	38,95992	16,6867876547405	495,30777
56,046	12,28556	38,9954	16,7539384957014	495,75882
56,146	12,33056	39,0367	16,8209701672462	496,28397
56,246	12,37556	39,07682	16,888001838791	496,79401
56,346	12,4206	39,11133	16,9550931000438	497,23264
56,446	12,4656	39,14918	17,0221247715886	497,71393
56,546	12,5106	39,19162	17,0891564431334	498,25348
56,646	12,55556	39,22807	17,1561285249702	498,7168
56,746	12,6006	39,26366	17,223219786223	499,16934
56,846	12,64564	39,30296	17,2903110374759	499,66891
56,946	12,6906	39,34475	17,3572831293127	500,20023
57,046	12,73564	39,38035	17,4243743805655	500,6528
57,146	12,78072	39,41648	17,4915252215264	501,11212
57,246	12,8258	39,45656	17,5586760624873	501,62164
57,346	12,87056	39,49195	17,6253502257839	502,07159
57,446	12,9156	39,53051	17,6924414870367	502,5618
57,546	12,9606	39,56414	17,7594731585815	502,98938
57,646	13,00564	39,60569	17,8265644098344	503,51767
57,746	13,05056	39,64125	17,8934769119631	503,9697
57,846	13,09548	39,67627	17,9603894140919	504,41489
57,946	13,14044	39,71335	18,0273615059286	504,88629
58,046	13,1854	39,75328	18,0943335977654	505,39398
58,146	13,23044	39,79022	18,1614248490182	505,86356
58,246	13,27552	39,82133	18,2285756899791	506,25909
58,346	13,32052	39,85763	18,2956073615239	506,72055
58,446	13,36548	39,89807	18,3625794433607	507,23474
58,546	13,41048	39,93301	18,4296111149055	507,67892
58,646	13,45548	39,96531	18,4966427864503	508,08954
58,746	13,50044	40,00288	18,5636148782871	508,56726
58,846	13,54544	40,04065	18,6306465498319	509,04745
58,946	13,59044	40,07337	18,6976782213767	509,46338
59,046	13,63544	40,10522	18,7647098929215	509,86826
59,146	13,68044	40,14484	18,8317415644663	510,37204
59,246	13,72544	40,18176	18,8987732360111	510,84131
59,346	13,7704	40,21553	18,9657453278479	511,27066
59,446	13,81548	40,25007	19,0328961588088	511,70975
59,546	13,86044	40,28738	19,0998682506456	512,18414
59,646	13,90544	40,32148	19,1668999221904	512,61774
59,746	13,95048	40,35333	19,2339911734433	513,02258
59,846	13,99544	40,3881	19,30096326528	513,4646
59,946	14,04036	40,42392	19,3678757674087	513,92004
60,046	14,08548	40,45769	19,4350861880777	514,34937
60,146	14,1306	40,49176	19,5022966187466	514,78253
60,246	14,17524	40,52196	19,568792032919	515,16644
60,346	14,22036	40,56331	19,636002453588	515,69208
60,446	14,26544	40,5943	19,7031532945489	516,08606
60,546	14,31052	40,62641	19,7703041355097	516,49432
60,646	14,35556	40,6625	19,8373953867626	516,95319
60,746	14,40048	40,69386	19,9043078888913	517,35187
60,846	14,44548	40,72499	19,9713395604362	517,74756
60,946	14,49048	40,76141	20,038371231981	518,21063
61,046	14,53548	40,79463	20,1054029035258	518,633
61,146	14,58048	40,82753	20,1724345750706	519,05121
61,246	14,62544	40,85651	20,2394066669073	519,41968
61,346	14,67032	40,89265	20,306259589328	519,87903
61,446	14,71532	40,92878	20,3732912608728	520,33844
61,546	14,76036	40,95902	20,4403825121257	520,72296
61,646	14,80532	40,98998	20,5073546039624	521,11646
61,746	14,85036	41,02789	20,5744458552153	521,59845
61,846	14,89536	41,05651	20,6414775267601	521,96228
61,946	14,94032	41,08709	20,7084496185969	522,35107
62,046	14,98528	41,11916	20,7754217004337	522,75873
62,146	15,03032	41,15507	20,8425129616865	523,21527
62,246	15,07528	41,18378	20,9094850435233	523,58032
62,346	15,12032	41,2154	20,9765763047761	523,98236
62,446	15,1654	41,24852	21,043727145737	524,40338
62,546	15,2104	41,28153	21,1107588172818	524,823
62,646	15,25548	41,3115	21,1779096482427	525,2041
62,746	15,30048	41,33989	21,2449413197875	525,565
62,846	15,3454	41,37485	21,3118538319162	526,0094
62,946	15,39048	41,40572	21,3790046628772	526,40192
63,046	15,4356	41,43764	21,446215093546	526,80774
63,146	15,48024	41,45872	21,5127105077185	527,07568
63,246	15,52532	41,50222	21,5798613486794	527,62866
63,346	15,57032	41,53151	21,6468930202242	528,0011
63,446	15,61532	41,55794	21,713924691769	528,33716
63,546	15,6604	41,59066	21,7810755327299	528,75311
63,646	15,70536	41,62152	21,8480476145667	529,14532
63,746	15,75028	41,65001	21,9149601166954	529,50763
63,846	15,79532	41,68108	21,9820513779482	529,90265
63,946	15,84028	41,71466	22,049023459785	530,32953
64,046	15,88532	41,74344	22,1161147210379	530,69537
64,146	15,93036	41,77291	22,1832059722907	531,07013
64,246	15,97528	41,80051	22,2501184744195	531,42102
64,346	16,02024	41,83508	22,3170905662562	531,86047
64,44601	16,06524	41,86553	22,384122237801	532,24762
64,546	16,1102	41,89039	22,4510943296378	532,5636
64,646	16,15528	41,9219	22,5182451605987	532,96423
64,746	16,20028	41,95348	22,5852768321435	533,36566
64,846	16,24532	41,98202	22,6523680933963	533,72864
64,94601	16,29036	42,00798	22,7194593446492	534,05859
65,046	16,33536	42,0399	22,786491016194	534,46436
65,146	16,38036	42,07147	22,8535226877388	534,86572
65,246	16,42536	42,09681	22,9205543592836	535,18793
65,346	16,47036	42,12443	22,9875860308284	535,53906
65,44601	16,51528	42,15678	23,0544985329572	535,95032
65,54601	16,56028	42,18646	23,121530204502	536,32764
65,646	16,60524	42,21224	23,1885022963387	536,65533
65,746	16,65016	42,24207	23,2554147984675	537,03467
65,846	16,69532	42,27621	23,3226848088444	537,46863
65,94601	16,74048	42,30077	23,3899548092214	537,78094
66,04601	16,78516	42,32029	23,4565098131019	538,02905
66,146	16,83024	42,35979	23,5236606540628	538,53125
66,246	16,87524	42,38913	23,5906923256076	538,9043
66,346	16,9202	42,41314	23,6576644174444	539,20947
66,44601	16,96532	42,44102	23,7248748381133	539,5639
66,54601	17,01024	42,46907	23,791787340242	539,92059
66,646	17,05512	42,49521	23,8586402626627	540,25287
66,746	17,10012	42,52249	23,9256719342075	540,59967
66,846	17,14516	42,55125	23,9927631854604	540,96527
66,94601	17,19016	42,58299	24,0597948570052	541,36877
67,04601	17,23524	42,60854	24,1269456979661	541,6936
67,146	17,28024	42,6311	24,1939773695109	541,98047
67,246	17,3252	42,65961	24,2609494613476	542,34296
67,346	17,37024	42,69377	24,3280407126005	542,77722
67,44601	17,41524	42,71959	24,3950723841453	543,10547
67,54601	17,46028	42,74518	24,4621636353982	543,43073
67,646	17,50528	42,77255	24,529195306943	543,77881
67,746	17,55032	42,80117	24,5962865681958	544,1427
67,846	17,59532	42,82543	24,6633182397406	544,45105
67,94601	17,64032	42,85241	24,7303499112854	544,79407
68,04601	17,68532	42,8803	24,7973815828302	545,14862
68,146	17,73024	42,90813	24,864294084959	545,50244
68,246	17,77528	42,93385	24,9313853362119	545,82941
68,346	17,82028	42,96028	24,9984170077567	546,16547
68,44601	17,86528	42,99103	25,0654486793015	546,5564
68,54601	17,91016	43,01291	25,1323016017222	546,83459
68,646	17,95508	43,03682	25,1992141038509	547,13855
68,746	18,00012	43,0657	25,2663053651037	547,50568
68,846	18,04524	43,09524	25,3335157857727	547,88123
68,94601	18,08992	43,11221	25,4000707896531	548,09698
69,04601	18,135	43,14389	25,467221630614	548,49969
69,146	18,18008	43,17214	25,5343724615749	548,85889
69,246	18,22508	43,19904	25,6014041331198	549,20087
69,346	18,27016	43,22425	25,6685549740806	549,52136
69,44601	18,3152	43,24448	25,7356462353334	549,77856
69,54601	18,36008	43,27154	25,8024991477542	550,12256
69,646	18,40512	43,30104	25,869590409007	550,49762
69,746	18,45016	43,32268	25,9366816602599	550,77264
69,846	18,49516	43,34876	26,0037133318047	551,10425
69,94601	18,54024	43,37998	26,0708641727656	551,50116
70,04601	18,58524	43,403	26,1378958443104	551,79382
70,146	18,63016	43,42416	26,2048083464391	552,06281
70,246	18,67528	43,45408	26,272018767108	552,44324
70,346	18,72024	43,47734	26,3389908589448	552,73895
70,44601	18,76524	43,5011	26,4060225304896	553,04102
70,54601	18,81024	43,52436	26,4730542020344	553,33679
70,646	18,8552	43,5531	26,5400262938712	553,70203
70,746	18,90008	43,57456	26,6068792062919	553,97498
70,846	18,94508	43,59862	26,6739108778367	554,28082
70,94601	18,99008	43,62543	26,7409425493815	554,62158
71,04601	19,03492	43,64989	26,8077358920941	554,93256
71,146	19,08	43,67667	26,874886733055	555,27307
71,246	19,12508	43,69661	26,9420375640159	555,52655
71,346	19,17008	43,72404	27,0090692355607	555,87537
71,44601	19,21508	43,75042	27,0761009071056	556,21063
71,54601	19,26004	43,77026	27,1430729989423	556,46289
71,646	19,30512	43,79287	27,2102238399032	556,75031
71,746	19,35032	43,82383	27,2775534299882	557,14398
71,846	19,395	43,83778	27,3441084338687	557,32129
71,94601	19,44004	43,86496	27,4111996851215	557,66687
72,04601	19,48508	43,88981	27,4782909363744	557,98285
72,146	19,53004	43,91679	27,5452630282112	558,32587
72,246	19,57516	43,941	27,6124734488801	558,63361
72,346	19,62016	43,96012	27,6795051204249	558,87665
72,44601	19,66508	43,98308	27,7464176225537	559,16852
72,54601	19,71012	44,00914	27,8135088838065	559,49988
72,646	19,75512	44,03058	27,8805405553513	559,77246
72,746	19,80008	44,05022	27,9475126371881	560,02209
72,846	19,84516	44,07897	28,014663478149	560,38763
72,94601	19,89008	44,10111	28,0815759802777	560,66913
73,04601	19,93496	44,11989	28,1484289026984	560,9079
73,146	19,98008	44,14606	28,2156393233673	561,2406
73,246	20,02508	44,17091	28,2826709949121	561,55646
73,346	20,07004	44,19226	28,3496430867489	561,82794
73,44601	20,11508	44,21478	28,4167343380017	562,1142
73,54601	20,16012	44,2378	28,4838255992546	562,4068
73,646	20,20504	44,26037	28,5507381013833	562,69385
73,746	20,25012	44,28428	28,6178889423442	562,99786
73,846	20,29512	44,30265	28,684920613889	563,23132
73,94601	20,33996	44,32461	28,7517139466017	563,5105
74,04601	20,38504	44,35077	28,8188647875625	563,84308
74,146	20,43004	44,37086	28,8858964591074	564,09845
74,246	20,475	44,39113	28,9528685509441	564,35614
74,346	20,52004	44,41824	29,019959802197	564,70087
74,44601	20,56496	44,43723	29,0868723043257	564,94226
74,54601	20,61	44,45751	29,1539635655785	565,20013
74,646	20,6552	44,485	29,2212931556635	565,54962
74,746	20,69996	44,50047	29,2879673189601	565,74628
74,846	20,74492	44,52648	29,3549394107969	566,0769
74,94601	20,79	44,54694	29,4220902517578	566,33704
75,04601	20,835	44,56972	29,4891219233026	566,62665
75,146	20,88004	44,59357	29,5562131745554	566,92993
75,246	20,92504	44,61148	29,6232448461003	567,15759
75,346	20,96992	44,62961	29,6900977685209	567,38806
75,44601	21,01496	44,65463	29,7571890197738	567,70618
75,54601	21,05996	44,67457	29,8242206913186	567,95966
75,646	21,10496	44,69556	29,8912523628634	568,22644
75,746	21,15008	44,71634	29,9584627835324	568,49066
75,846	21,19508	44,73942	30,0254944550772	568,78412
75,94601	21,23996	44,75707	30,0923473774979	569,00854
76,04601	21,28508	44,77872	30,1595577981668	569,28375
76,146	21,33004	44,79991	30,2265298900035	569,55316
76,246	21,375	44,82151	30,2935019818403	569,82776
76,346	21,42004	44,84252	30,3605932330932	570,09479
76,44601	21,46496	44,86029	30,4275057352219	570,32074
76,54601	21,51	44,8828	30,4945969964747	570,60693
76,646	21,55508	44,90524	30,5617478274356	570,89227
76,746	21,60008	44,92141	30,6287794989805	571,09784
76,846	21,645	44,93858	30,6956920111091	571,3161
76,94601	21,69	44,96608	30,762723682654	571,66565
77,04601	21,73496	44,98466	30,8296957644908	571,90192
77,146	21,77996	45,00166	30,8967274360356	572,11804
77,246	21,82496	45,02398	30,9637591075804	572,40179
77,346	21,86984	45,0458	31,0306120300011	572,6792
77,44601	21,91484	45,06525	31,0976437015459	572,92645
77,54601	21,96004	45,08303	31,1649732916309	573,15247
77,646	22,00484	45,09865	31,2317070446355	573,35107
77,746	22,04984	45,12414	31,2987387161803	573,67517
77,846	22,09488	45,14184	31,3658299674332	573,90021
77,94601	22,13988	45,16009	31,432861638978	574,1322
78,04601	22,18496	45,18399	31,5000124799388	574,4361
78,146	22,22996	45,20356	31,5670441514837	574,68481
78,246	22,27488	45,21827	31,6339566536124	574,87183
78,346	22,31992	45,23812	31,7010479148652	575,12427
78,44601	22,36496	45,25831	31,7681391661181	575,38092
78,54601	22,40996	45,27648	31,8351708376629	575,61188
78,646	22,45508	45,29538	31,9023812583318	575,85211
78,746	22,50008	45,31513	31,9694129298766	576,10333
78,846	22,54496	45,33421	32,0362658522973	576,34583
78,94601	22,59004	45,35311	32,1034166932582	576,58606
79,04601	22,635	45,36791	32,170388785095	576,77423
79,146	22,67992	45,39249	32,2373012872237	577,08673
79,246	22,72492	45,41329	32,3043329587685	577,35114
79,346	22,76988	45,42786	32,3713050406053	577,53644
79,44601	22,8148	45,44348	32,438217552734	577,73505
79,54601	22,8598	45,46622	32,5052492242788	578,02417
79,646	22,9048	45,48418	32,5722808958236	578,25244
79,746	22,94972	45,4973	32,6391933979523	578,41925
79,846	22,99476	45,521	32,7062846492052	578,72052
79,94601	23,03976	45,54041	32,77331632075	578,96729
80,04601	23,08476	45,5559	32,8403479922948	579,16418
80,146	23,12984	45,57325	32,9074988332557	579,38483
80,246	23,17484	45,59229	32,9745305048005	579,62689
80,346	23,21984	45,61008	33,0415621763453	579,85303
80,44601	23,26504	45,62895	33,1088917664303	580,09296
80,54601	23,30988	45,63916	33,175685099143	580,22272
80,646	23,35484	45,66481	33,2426571909798	580,54877
80,746	23,39988	45,68262	33,3097484422326	580,77521
80,846	23,44488	45,69558	33,3767801137774	580,94
80,94601	23,48996	45,71558	33,4439309547383	581,19434
81,04601	23,53508	45,73399	33,5111413754073	581,42828
81,146	23,58	45,74873	33,578053887536	581,61578
81,246	23,62496	45,76305	33,6450259693728	581,79779
81,346	23,66996	45,7837	33,7120576409176	582,06036
81,44601	23,71492	45,80239	33,7790297327543	582,29797
81,54601	23,75992	45,81923	33,8460614042991	582,51202
81,646	23,80492	45,83495	33,9130930758439	582,71191
81,746	23,84976	45,85332	33,9798864085566	582,94543
81,846	23,89472	45,87067	34,0468585003934	583,16602
81,94601	23,9398	45,88637	34,1140093413542	583,3656
82,04601	23,98476	45,90076	34,180981423191	583,54846
82,146	24,02976	45,91969	34,2480130947358	583,78912
82,246	24,07484	45,93681	34,3151639356967	584,00684
82,346	24,11968	45,94776	34,3819572684094	584,14606
82,44601	24,16472	45,97084	34,4490485296622	584,43951
82,54601	24,2098	45,98736	34,5161993706231	584,64941
82,646	24,25472	45,99927	34,5831118727518	584,8009
82,746	24,2998	46,01585	34,6502627137127	585,01166
82,846	24,3448	46,03448	34,7172943852575	585,24854
82,94601	24,38976	46,0496	34,7842664670943	585,4408
83,04601	24,43484	46,06493	34,8514173080552	585,63568
83,146	24,4798	46,07922	34,9183893998919	585,81726
83,246	24,5248	46,09873	34,9854210714368	586,06543
83,346	24,56996	46,11431	35,0526910718138	586,26343
83,44601	24,61484	46,12153	35,1195439942344	586,35529
83,54601	24,6598	46,14279	35,1865160860712	586,62549
83,646	24,70484	46,16267	35,253607337324	586,8783
83,746	24,74988	46,17537	35,3206985885769	587,03967
83,846	24,79492	46,18727	35,3877898498297	587,19098
83,94601	24,84	46,20637	35,4549406907906	587,43384
84,04601	24,88496	46,22011	35,5219127726274	587,60852
84,146	24,92988	46,23543	35,5888252747562	587,80322
84,246	24,97492	46,25009	35,655916536009	587,98969
84,346	25,01992	46,26703	35,7229482075538	588,20502
84,44601	25,06492	46,28137	35,7899798790986	588,38727
84,54601	25,11	46,296	35,8571307200595	588,5733
84,646	25,15488	46,30702	35,9239836324802	588,71344
84,746	25,19976	46,32424	35,9908365549009	588,93231
84,846	25,2448	46,33716	36,0579278161537	589,09662
84,94601	25,28972	46,34889	36,1248403182824	589,24579
85,04601	25,33472	46,36733	36,1918719898273	589,48016
85,146	25,3798	46,38596	36,2590228307881	589,71692
85,246	25,42468	46,39626	36,3258757432089	589,84796
85,346	25,46972	46,41043	36,3929670044617	590,02814
85,44601	25,51484	46,4302	36,4601774251306	590,27942
85,54601	25,55972	46,4384	36,5270303475513	590,38373
85,646	25,6048	46,45496	36,5941811885122	590,59424
85,746	25,64976	46,46834	36,661153270349	590,76428
85,846	25,69468	46,48454	36,7280657724777	590,97028
85,94601	25,73972	46,49965	36,7951570337305	591,16229
86,04601	25,78472	46,51032	36,8621887052753	591,29803
86,146	25,82972	46,52464	36,9292203768202	591,4801
86,246	25,87492	46,54126	36,9965499669052	591,69135
86,346	25,9198	46,54841	37,0634028893258	591,78235
86,44601	25,9648	46,56238	37,1304345608707	591,9599
86,54601	26,00984	46,57913	37,1975258121235	592,17279
86,646	26,05488	46,59387	37,2646170633764	592,36029
86,746	26,0998	46,60463	37,3315295755051	592,49707
86,846	26,14484	46,61773	37,3986208267579	592,66351
86,94601	26,18976	46,63159	37,4655333288867	592,83978
87,04601	26,23468	46,64637	37,5324458310154	593,02765
87,146	26,27968	46,65592	37,5994775025602	593,14905
87,246	26,32468	46,66867	37,666509174105	593,31122
87,346	26,36976	46,688	37,7336600150659	593,55688
87,44601	26,41484	46,69956	37,8008108560268	593,70392
87,54601	26,45976	46,70755	37,8677233581556	593,80548
87,646	26,5048	46,72387	37,9348146194084	594,01288
87,746	26,5498	46,73776	38,0018462909532	594,18951
87,846	26,59472	46,74702	38,0687587930819	594,30731
87,94601	26,63972	46,76023	38,1357904646267	594,47516
88,04601	26,6848	46,7766	38,2029413055876	594,68335
88,146	26,7296	46,78595	38,2696750585922	594,80225
88,246	26,7746	46,7965	38,336706730137	594,93634
88,346	26,81968	46,81178	38,403857561098	595,13055
88,44601	26,8646	46,82503	38,4707700732266	595,29901
88,54601	26,90968	46,83639	38,5379209041876	595,44342
88,646	26,95472	46,84534	38,6050121654404	595,55725
88,746	26,99964	46,85865	38,6719246675691	595,72638
88,846	27,04472	46,87558	38,73907550853	595,94171
88,94601	27,08972	46,88332	38,8061071800748	596,0401
89,04601	27,13472	46,89104	38,8731388516196	596,13818
89,146	27,17988	46,9106	38,9404088519966	596,3869
89,246	27,22484	46,91859	39,0073809438334	596,48853
89,346	27,26976	46,92571	39,0742934459621	596,57898
89,44601	27,31488	46,94134	39,1415038666311	596,77771
89,54601	27,35992	46,95385	39,2085951278839	596,93677
89,646	27,40492	46,96488	39,2756267994287	597,07697
89,746	27,44996	46,97513	39,3427180506816	597,20734
89,846	27,49496	46,98409	39,4097497222264	597,32111
89,94601	27,53988	46,9974	39,4766622243551	597,49036
90,04601	27,5848	47,00647	39,5435747364838	597,60571
90,146	27,6298	47,01681	39,6106064080286	597,73724
90,246	27,6748	47,03245	39,6776380795734	597,93597
90,346	27,71984	47,04357	39,7447293308263	598,07739
90,44601	27,76472	47,05161	39,811582253247	598,1795
90,54601	27,80968	47,06402	39,8785543350838	598,3374
90,646	27,85472	47,07713	39,9456455963366	598,50397
90,746	27,89968	47,0864	40,0126176781734	598,62183
90,846	27,94464	47,09201	40,0795897700101	598,69318
90,94601	27,98976	47,10532	40,1468001906791	598,86237
91,04601	28,03464	47,11515	40,2136531130997	598,98743
91,146	28,07956	47,12516	40,2805656152285	599,11469
91,246	28,12468	47,13339	40,3477760358974	599,21924
91,346	28,1696	47,14311	40,4146885480261	599,3429
91,44601	28,21464	47,1553	40,481779799279	599,4978
91,54601	28,25968	47,16348	40,5488710505319	599,60181
91,646	28,30464	47,17101	40,6158431423686	599,69751
91,746	28,34972	47,1866	40,6829939833295	599,89575
91,846	28,39476	47,19579	40,7500852345824	600,01257
91,94601	28,43976	47,20069	40,8171169061272	600,07489
92,04601	28,48492	47,21157	40,8843869165041	600,2132
92,146	28,52984	47,22319	40,9512994186328	600,3609
92,246	28,57464	47,22973	41,0180331716375	600,44403
92,346	28,61972	47,24337	41,0851840125983	600,61749
92,44601	28,66472	47,25398	41,1522156841431	600,75244
92,54601	28,70968	47,26171	41,21918776598	600,85065
92,646	28,75472	47,27083	41,2862790272328	600,96661
92,746	28,79976	47,27847	41,3533702784856	601,06372
92,846	28,84468	47,28729	41,4202827806144	601,17584
92,94601	28,88968	47,29802	41,4873144521592	601,31226
93,04601	28,93468	47,30372	41,554346123704	601,38464
93,146	28,97968	47,31178	41,6213777952488	601,48718
93,246	29,02472	47,32403	41,6884690565016	601,64294
93,346	29,0696	47,32935	41,7553219789223	601,71063
93,44601	29,1146	47,33827	41,8223536504671	601,82404
93,54601	29,1596	47,3465	41,8893853220119	601,92859
93,646	29,20456	47,35525	41,9563574038487	602,03986
93,746	29,24952	47,36287	42,0233294956855	602,13666
93,846	29,29472	47,36952	42,0906590857705	602,22125
93,94601	29,33964	47,37553	42,1575715878992	602,29767
94,04601	29,3846	47,38689	42,224543679736	602,44208
94,146	29,42976	47,39482	42,291813680113	602,54297
94,246	29,47468	47,39965	42,3587261822417	602,60437
94,346	29,51972	47,4104	42,4258174434945	602,74103
94,44601	29,56476	47,41625	42,4929086947474	602,81537
94,54601	29,60968	47,42044	42,5598211968761	602,86865
94,646	29,65476	47,43168	42,626972037837	603,01147
94,746	29,69976	47,44314	42,6940037093818	603,15723
94,84601	29,74476	47,44727	42,7610353809266	603,20978
94,94601	29,78988	47,45418	42,8282458015956	603,29755
95,04601	29,83488	47,46233	42,8952774731404	603,40118
95,146	29,8796	47,46696	42,9618920667289	603,46008
95,246	29,92472	47,47792	43,0291024873978	603,59937
95,34601	29,9698	47,48176	43,0962533283587	603,64819
95,44601	30,01468	47,4886	43,1631062407794	603,73511
95,54601	30,05968	47,49809	43,2301379123242	603,85583
95,646	30,10464	47,50133	43,297110004161	603,89691
95,746	30,14956	47,5072	43,3640225062897	603,97168
95,84601	30,19456	47,51961	43,4310541778345	604,12933
95,94601	30,2396	47,52472	43,4981454390874	604,1944
96,04601	30,28464	47,52604	43,5652366903402	604,21118
96,146	30,32972	47,5354	43,6323875313011	604,33008
96,246	30,37468	47,5402	43,6993596131379	604,39117
96,34601	30,41964	47,54623	43,7663317049747	604,4679
96,44601	30,46476	47,55067	43,8335421256436	604,52423
96,54601	30,50972	47,55754	43,9005142174803	604,61169
96,646	30,55464	47,56386	43,9674267196091	604,69189
96,746	30,59972	47,56879	44,03457756057	604,75464
96,84601	30,64468	47,57115	44,1015496424068	604,78467
96,94601	30,6896	47,57966	44,1684621545354	604,89282
97,04601	30,73476	47,58611	44,2357321549124	604,97485
97,146	30,77968	47,587	44,3026446570412	604,98608
97,246	30,82468	47,59513	44,369676328586	605,08954
97,34601	30,86976	47,6026	44,4368271695469	605,18451
97,44601	30,91464	47,6043	44,5036800919675	605,20612
97,54601	30,95964	47,60753	44,5707117635124	605,24719
97,646	31,00468	47,61825	44,6378030147652	605,38342
97,746	31,0496	47,62017	44,7047155268939	605,40784
97,84601	31,09468	47,6227	44,7718663578548	605,44
97,94601	31,13976	47,62773	44,8390171988157	605,50397
98,04601	31,18448	47,62864	44,9056317824043	605,51556
98,146	31,22964	47,63953	44,9729017927812	605,65393
98,246	31,27468	47,6399	45,0399930440341	605,65863
98,34601	31,31968	47,64465	45,1070247155789	605,71906
98,44601	31,36472	47,65214	45,1741159768317	605,81427
98,54601	31,40968	47,65337	45,2410880586685	605,8299
98,646	31,45464	47,65425	45,3080601505053	605,84113
98,746	31,49968	47,66273	45,3751514017581	605,94885
98,84601	31,54472	47,66504	45,442242663011	605,97821
98,94601	31,58964	47,66538	45,5091551651397	605,9826
99,04601	31,63472	47,6694	45,5763060061006	606,03369
99,146	31,67968	47,67472	45,6432780879374	606,10138
99,246	31,7246	47,67794	45,7101906000661	606,14227
99,34601	31,76964	47,68117	45,7772818513189	606,18335
99,44601	31,81464	47,68053	45,8443135228637	606,17523
99,54601	31,85956	47,68617	45,9112260249925	606,24689
99,646	31,90468	47,69023	45,9784364456614	606,29852
99,746	31,94968	47,68577	46,0454681172062	606,24182
99,84601	31,99464	47,68871	46,112440209043	606,27924
99,94601	32,03972	47,69398	46,1795910500039	606,34619
100,04601	32,08468	47,69458	46,2465631318407	606,35388
100,146	32,12968	47,69455	46,3135948033855	606,35352
100,246	32,1748	47,70075	46,3808052340544	606,43225
100,34601	32,21972	47,70144	46,4477177361831	606,44098
100,44601	32,26476	47,70017	46,514808987436	606,42487
100,54601	32,30984	47,7	46,5819598283968	606,42279
100,646	32,3548	47,70266	46,6489319202336	606,45654
100,746	32,39988	47,70571	46,7160827511945	606,4953
100,84601	32,44492	47,70383	46,7831740124473	606,47137
100,94601	32,48956	47,69901	46,8496694266198	606,4101
101,04601	32,5346	47,70749	46,9167606878726	606,51794
101,146	32,57964	47,70658	46,9838519391255	606,50635
101,246	32,62464	47,70198	47,0508836106703	606,44794
101,34601	32,66968	47,70624	47,1179748619232	606,50214
101,44601	32,71464	47,70688	47,1849469537599	606,51019
101,54601	32,75956	47,70182	47,2518594558887	606,44586
101,646	32,8046	47,70213	47,3189507171415	606,44983
101,746	32,84964	47,70398	47,3860419683944	606,47333
101,84601	32,89456	47,70074	47,4529544705231	606,43219
101,94601	32,93956	47,70018	47,5199861420679	606,42511
102,04601	32,9846	47,69534	47,5870774033207	606,36346
102,146	33,02952	47,69472	47,6539899054495	606,35565
102,246	33,07456	47,69306	47,7210811567023	606,33459
102,34601	33,1196	47,68714	47,7881724179552	606,25928
102,44601	33,1646	47,68618	47,8552040895	606,24707
102,54601	33,20968	47,68753	47,9223549204609	606,26416
102,646	33,25476	47,67865	47,9895057614218	606,15131
102,746	33,29972	47,67339	48,0564778532585	606,08441
102,84601	33,3448	47,67358	48,1236286942194	606,08685
102,94601	33,38972	47,66688	48,1905411963481	606,00165
103,04601	33,43468	47,66055	48,2575132781849	605,92114
103,146	33,47976	47,65637	48,3246641191458	605,8681
103,246	33,52468	47,65189	48,3915766212746	605,8111
103,34601	33,5696	47,64482	48,4584891334032	605,72125
103,44601	33,61472	47,63734	48,5256995540722	605,62616
103,54601	33,65972	47,63218	48,592731225617	605,56049
103,646	33,70476	47,62722	48,6598224768699	605,4975
103,746	33,74992	47,62062	48,7270924872468	605,41357
103,84601	33,7946	47,60301	48,7936474911273	605,1897
103,94601	33,83964	47,60216	48,8607387423802	605,17883
104,04601	33,88472	47,5933	48,927889583341	605,06622
104,146	33,92968	47,57976	48,9948616651778	604,89404
104,246	33,97472	47,56987	49,0619529264307	604,76837
104,34601	34,01972	47,56104	49,1289845979755	604,65613
104,44601	34,0646	47,54575	49,1958375203961	604,46167
104,54601	34,10964	47,53243	49,262928771649	604,29236
104,646	34,15472	47,52102	49,3300796126099	604,14734
104,746	34,19972	47,50678	49,3971112841547	603,96625
104,84601	34,24476	47,49031	49,4642025354076	603,7569
104,94601	34,28976	47,47109	49,5312342069524	603,51251
105,04601	34,33472	47,45444	49,5982062987891	603,3009
105,146	34,37976	47,43608	49,665297550042	603,06744
105,246	34,4248	47,41152	49,7323888112948	602,75519
105,34601	34,46972	47,38974	49,7993013134236	602,47833
105,44601	34,51484	47,37155	49,8665117340925	602,24707
105,54601	34,55988	47,34463	49,9336029853454	601,90491
105,646	34,6048	47,31545	50,0005154974741	601,53394
105,746	34,64984	47,29226	50,0676067487269	601,23901
105,84601	34,69488	47,26352	50,1346979999798	600,87372
105,94601	34,73976	47,2277	50,2015509224005	600,41827
106,04601	34,78484	47,19128	50,2687017633614	599,95526
106,146	34,82984	47,15614	50,3357334349062	599,50854
106,246	34,87472	47,11717	50,4025863573268	599,01306
106,34601	34,91972	47,07868	50,4696180288717	598,52368
106,44601	34,96472	47,03133	50,5366497004165	597,92175
106,54601	35,00972	46,9863	50,6036813719613	597,3493
106,646	35,05492	46,93725	50,6710109620463	596,72565
106,746	35,09956	46,87592	50,7375063762188	595,94598
106,84601	35,14464	46,82744	50,8046572171796	595,32965
106,94601	35,1898	46,76879	50,8719272275566	594,58405
107,04601	35,2348	46,70166	50,9389588991014	593,73059
107,146	35,27984	46,63405	51,0060501503543	592,87109
107,246	35,32484	46,56371	51,0730818218991	591,97675
107,34601	35,36976	46,48963	51,1399943240278	591,03491
107,44601	35,41476	46,41013	51,2070259955726	590,02429
107,54601	35,45984	46,32523	51,2741768365335	588,94495
107,646	35,50484	46,24147	51,3412085080783	587,88013
107,746	35,54988	46,14758	51,4082997593312	586,6864
107,84601	35,59492	46,05024	51,475391020584	585,44897
107,94601	35,63992	45,94837	51,5424226921288	584,15387
108,04601	35,68496	45,84719	51,6095139433817	582,86743
108,134	35,72456	45,74595	51,6685018143411	581,58044
108,22401	35,765	45,64439	51,7287409491693	580,28918
108,30801	35,80276	45,54424	51,784987963559	579,01593
108,39201	35,84068	45,44385	51,8414733167807	577,73975
108,468	35,87484	45,34127	51,8923578074467	576,43555
108,54601	35,90984	45,24006	51,9444935519816	575,1488
108,622	35,94404	45,13767	51,9954376223557	573,84723
108,69801	35,97832	45,03515	52,0465008621458	572,54376
108,76801	36,00972	44,9324	52,093274072957	571,23749
108,83801	36,04124	44,83118	52,1402260328924	569,95074
108,90601	36,07196	44,72839	52,185986318667	568,64392
108,97001	36,1008	44,62751	52,2289461781637	567,36133
109,03401	36,1296	44,52643	52,2718464479524	566,07623
109,09801	36,15836	44,42463	52,3146871280331	564,78204
109,16	36,18628	44,32417	52,3562765542449	563,50494
109,22001	36,21332	44,22361	52,3965551468798	562,22644
109,27801	36,23944	44,12096	52,4354633062298	560,92139
109,33601	36,26552	44,01892	52,4743118858718	559,62415
109,39401	36,29164	43,91675	52,5132200452218	558,32532
109,452	36,3178	43,81495	52,5521877942798	557,03101
109,508	36,34316	43,71488	52,5899638591771	555,75891
109,56001	36,3666	43,61347	52,6248799180884	554,46954
109,61001	36,38892	43,51021	52,6581276251746	553,15686
109,664	36,41312	43,40977	52,6941757685387	551,87988
109,718	36,43744	43,30793	52,730402661027	550,58521
109,76801	36,45996	43,20477	52,7639482866534	549,27368
109,82001	36,48344	43,10334	52,7989239252728	547,98413
109,87	36,506	43,00195	52,8325291406072	546,69525
109,91801	36,5276	42,90023	52,8647043429487	545,40198
109,966	36,54924	42,79633	52,8969391249983	544,08105
110,01401	36,57084	42,6946	52,9291143273398	542,78778
110,06201	36,59248	42,59061	52,9613491093894	541,46576
110,108	36,61324	42,48972	52,992273057862	540,18304
110,15401	36,63396	42,38766	53,0231374166267	538,88562
110,20001	36,6546	42,28497	53,0538826159752	537,58008
110,246	36,67524	42,1827	53,0846278053238	536,27991
110,29001	36,695	42,0785	53,1140621610954	534,95508
110,33401	36,71484	41,97635	53,1436156762832	533,65643
110,37601	36,73376	41,87444	53,171798768186	532,36078
110,41801	36,75272	41,7741	53,2000414497969	531,08514
110,46001	36,77164	41,67202	53,2282245416997	529,78748
110,50201	36,79052	41,56789	53,2563480538945	528,46368
110,54401	36,80944	41,46605	53,2845311457974	527,16888
110,58401	36,82744	41,36512	53,3113438144153	525,88568
110,62601	36,84636	41,26045	53,3395269063182	524,55511
110,66601	36,8644	41,15562	53,3663991646441	523,22235
110,704	36,88152	41,05512	53,3919009896851	521,9447
110,74201	36,8986	40,95451	53,4173432350182	520,66547
110,78001	36,91564	40,85056	53,4427258906431	519,34406
110,81801	36,93272	40,74956	53,4681681359761	518,05994
110,856	36,94984	40,64897	53,4936699610172	516,78107
110,89401	36,96696	40,54486	53,5191717860583	515,45758
110,93201	36,98412	40,4406	53,5447332008073	514,13202
110,968	37,00032	40,3405	53,5688646025635	512,8595
111,00401	37,0166	40,2355	53,5931151737356	511,52463
111,04001	37,0328	40,13056	53,6172465754918	510,19049
111,07401	37,04808	40,02934	53,640007543963	508,90363
111,11001	37,06428	39,92394	53,6641389457192	507,56363
111,14401	37,07956	39,82307	53,6868999241904	506,28128
111,17801	37,09484	39,72148	53,7096609026616	504,98972
111,21201	37,11016	39,61874	53,7324814608408	503,68356
111,246	37,12556	39,51634	53,7554211884362	502,38177
111,28001	37,14092	39,41212	53,7783013363235	501,0567
111,314	37,15624	39,30773	53,8011218945027	499,72964
111,34601	37,17064	39,20567	53,8225720293971	498,43204
111,37801	37,185	39,10325	53,8439625845833	497,12991
111,41	37,1994	39,00102	53,8654127194777	495,83035
111,44201	37,2138	38,89819	53,886862854372	494,52304
111,47401	37,2282	38,79495	53,9083129892663	493,21045
111,50601	37,24264	38,68938	53,9298227038688	491,86835
111,538	37,25708	38,58507	53,9513324184712	490,54221
111,57001	37,27148	38,47884	53,9727825533655	489,19171
111,60001	37,285	38,37787	53,9929218546829	487,90805
111,632	37,29936	38,27157	54,0143123998692	486,55664
111,662	37,31284	38,17126	54,0343921114787	485,28134
111,69201	37,32628	38,06832	54,0544122333801	483,9726
111,72201	37,3398	37,96566	54,0745515346975	482,66745
111,75201	37,35328	37,86168	54,0946312363069	481,34561
111,78001	37,36588	37,76088	54,1134001043395	480,06409
111,80801	37,37852	37,66026	54,13222856208	478,78488
111,83601	37,39112	37,55817	54,1509974301126	477,48691
111,86401	37,4038	37,45511	54,1698854675612	476,1767
111,89201	37,41644	37,35335	54,1887139153018	474,88306
111,92001	37,429	37,25116	54,2074232036263	473,58386
111,94801	37,44164	37,14768	54,2262516513669	472,26831
111,97601	37,4542	37,04364	54,2449609396914	470,94562
112,00401	37,4668	36,93761	54,2637298077239	469,59766
112,03201	37,4794	36,83309	54,2824986757565	468,26883
112,06001	37,492	36,72726	54,301267543789	466,92337
112,08801	37,50464	36,61948	54,3200959915296	465,55313
112,11401	37,51636	36,51761	54,3375540159853	464,258
112,14001	37,52808	36,41527	54,355012040441	462,957
112,16601	37,5398	36,31057	54,3724700748966	461,62595
112,19201	37,55156	36,20492	54,3899876790604	460,28275
112,218	37,56324	36,09956	54,407386123808	458,9433
112,244	37,57496	35,99425	54,4248441482637	457,60446
112,27001	37,58664	35,88772	54,4422425930113	456,25006
112,29601	37,59836	35,78073	54,459700617467	454,88995
112,32201	37,61008	35,67424	54,4771586419227	453,53607
112,34801	37,62184	35,56674	54,4946762560864	452,16937
112,372	37,63272	35,46558	54,5108830266732	450,88336
112,396	37,6436	35,36384	54,52708979726	449,58987
112,42001	37,65444	35,26085	54,5432369781388	448,28055
112,44401	37,66532	35,15615	54,5594437487256	446,9494
112,468	37,67608	35,05009	54,5754717601884	445,6011
112,49201	37,6868	34,9416	54,591440201943	444,22183
112,51601	37,69752	34,83464	54,6074086336977	442,86203
112,54001	37,70828	34,72854	54,6234366451604	441,51312
112,564	37,71904	34,62117	54,6394646666231	440,14816
112,58601	37,72896	34,52089	54,654241424217	438,87323
112,608	37,73888	34,42018	54,6690181818109	437,59286
112,63001	37,74876	34,31769	54,6837353596967	436,28986
112,65201	37,75868	34,215	54,6985121172906	434,98441
112,674	37,76864	34,11065	54,7133484645925	433,65775
112,69601	37,77856	34,00614	54,7281252221864	432,32907
112,718	37,78848	33,90017	54,7429019797803	430,98187
112,74001	37,79844	33,79555	54,7577383270822	429,65182
112,76201	37,80836	33,68877	54,7725150846761	428,29422
112,78401	37,81828	33,57911	54,78729184227	426,90015
112,80401	37,82728	33,47885	54,8006981765789	425,62552
112,82401	37,83628	33,37863	54,8141045108879	424,35141
112,844	37,84528	33,27805	54,8275108451969	423,07269
112,86401	37,85428	33,17602	54,8409171795058	421,77554
112,884	37,86328	33,07104	54,8543235138148	420,44083
112,90401	37,87228	32,966	54,8677298481237	419,10553
112,924	37,88128	32,86111	54,8811361824327	417,77203
112,94401	37,89028	32,75586	54,8945425167417	416,4339
112,96401	37,89932	32,6492	54,9080084407586	415,07794
112,98401	37,90832	32,54181	54,9214147750676	413,71271
113,00401	37,91736	32,43246	54,9348806890846	412,32248
113,024	37,92636	32,32303	54,9482870233936	410,93124
113,04401	37,9354	32,21337	54,9617529474106	409,53714
113,06201	37,94352	32,11236	54,9738484381427	408,25299
113,08	37,9516	32,01061	54,9858843491667	406,95935
113,09801	37,95972	31,90871	54,9979798398988	405,66385
113,11601	37,9678	31,80667	55,0100157509228	404,36661
113,134	37,97588	31,70487	55,0220516519469	403,07242
113,15201	37,984	31,60095	55,034147152679	401,75125
113,17001	37,99208	31,49545	55,046183053703	400,40994
113,188	38,0002	31,38852	55,0582785544351	399,05063
113,20601	38,00828	31,27935	55,0703144554592	397,66269
113,22401	38,0164	31,16967	55,0824099561912	396,26825
113,24201	38,02456	31,05894	55,0945650266314	394,8605
113,26	38,03268	30,9465	55,1066605173635	393,43103
113,27601	38,03988	30,84503	55,1173855848106	392,14108
113,29201	38,04712	30,74257	55,1281702419658	390,8385
113,30801	38,05436	30,63742	55,138954889121	389,50168
113,32401	38,0616	30,5321	55,1497395462762	388,16272
113,34001	38,0688	30,42457	55,1604646137234	386,79562
113,356	38,07604	30,31235	55,1712492608786	385,36896
113,37	38,08236	30,21032	55,1806634847489	384,07181
113,384	38,08864	30,09985	55,1900181289112	382,66739
113,38801	38,09048	29,99508	55,192758975481	381,33539
