BAM 5.2 *ZUG01-V03* 10_3_3.lis
------------------------------

Versuchsbezeichnung                 				ZUG-Versuch
Versuchs-Datum                      				09.12.2016
Projekt                             				Ringversuch IfEP
Werkstoff                           				Stahl
Bearbeiter                          				Matzak
Prüfmaschine                        				M03
Probenbezeichnung                   				10_3_3
Probenform                          				ZUG 005.001
Probenquerschnitt                   			mm²	78,51
Prüftemperatur                      			°C	RT
Prüfgeschwindigkeit 1               			mm/min	3,5
Umschaltpunkt                       			%	1
Prüfgeschwindigkeit 2               			mm/min	12
Anfangsmesslänge                    			mm	50
E-Modul                             			GPa	206
Dehngrenze (Rp0,01)                 			MPa	-
Dehngrenze (Rp0,02)                 			MPa	-
Dehngrenze (Rp0,05)                 			MPa	-
Dehngrenze (Rp0,1)                  			MPa	-
Dehngrenze (Rp0,2)                  			MPa	843
Dehngrenze (Rp0,5)                  			MPa	-
Dehngrenze (Rp1)                    			MPa	-
Dehngrenze (Rp2)                    			MPa	-
Dehngrenze (Rp5)                    			MPa	-
Obere Streckgrenze                  			MPa	-
Untere Streckgrenze                 			MPa	-
Zugfestigkeit                       			MPa	1038
Gleichmaßdehnung                    			%	4,5
Bruchdehnung                        			%	16,0
Brucheinschnürung                   			%	63
-



-
[Daten]
Zeit	Weg	Kraft	Dehnung	Spannung
sec	mm	kN	%	MPa
0	0	0,96674	0,00545031022907879	12,3139043154838
0,1	0,00216	0,96824	0,00539033957272094	12,3330106485963
0,2	0,0068	1,03316	0,00644982116837619	13,1599327457074
0,298	0,01216	1,1334	0,00722943970102816	14,4367452998421
0,398	0,01784	1,23148	0,00827892618729044	15,6860447342946
0,498	0,0236	1,33137	0,00885864253208292	16,9583991440363
0,598	0,02936	1,43226	0,00953830997080516	18,2434911091863
0,694	0,035	1,53368	0,0104678551443517	19,5353339787028
0,792	0,04072	1,63459	0,0114473758648632	20,820680694961
0,884	0,04608	1,73499	0,0122169992881222	22,099531257961
0,978	0,0516	1,83578	0,0124169014759817	23,3833494675702
1,07	0,057	1,93706	0,0135063683998158	24,6734090793295
1,158	0,0622	2,03844	0,0142759918230748	25,9647424466296
1,248	0,06748	2,14031	0,0147957375115095	27,2623172160799
1,336	0,0726	2,24057	0,0150056348087619	28,5393845213227
1,42	0,07752	2,3406	0,0159651653104875	29,8135221888215
1,51	0,08276	2,44223	0,0165748669834589	31,1080399449738
1,594	0,0876	2,54283	0,0167747691713183	32,3894380190554
1,678	0,09248	2,64342	0,0177143094542579	33,6707087175829
1,762	0,09736	2,74398	0,0186838350653764	34,9515972894482
1,844	0,10216	2,84536	0,0186138692996256	36,2429306567484
1,926	0,10692	2,94758	0,0196433655671019	37,5449635705915
2,008	0,11168	3,04919	0,0201331259273576	38,8392265756356
2,084	0,11728	3,15084	0,0206528716157923	40,133999082896
2,126	0,12252	3,2526	0,0212925586169426	41,4301727212513
2,178	0,12504	3,35421	0,0218123043053773	42,7244357262954
2,278	0,12916	3,45056	0,0225819277286363	43,9516991898915
2,378	0,13384	3,53699	0,0232516000579655	45,0526061038366
2,458	0,13824	3,63758	0,023461497355218	46,3338768023641
2,536	0,14268	3,73766	0,0243410669817997	47,6086513476334
2,612	0,14708	3,83778	0,0247108860293397	48,883935395119
2,688	0,15148	3,93977	0,0253105925929182	50,1830386712182
2,762	0,15576	4,03986	0,0259802649222474	51,4579405920416
2,838	0,16012	4,14141	0,0263200986416085	52,7514393437611
2,912	0,16436	4,24311	0,0274395508936216	54,046848728792
2,988	0,16872	4,34523	0,0275794824251233	55,3476078870943
3,06	0,17292	4,44587	0,0282191694262736	56,6295154633923
3,134	0,17716	4,54768	0,0291087341622483	57,926325979518
3,208	0,1814	4,65	0,0291886950373921	59,229632648902
3,28	0,1856	4,7506	0,0303081472894052	60,5110307229837
3,35	0,18968	4,85084	0,0306579761181593	61,7878432771183
3,422	0,19392	4,95321	0,0313776239944534	63,0917868242727
3,492	0,198	5,05442	0,0316974674950286	64,3809548071534
3,562	0,20208	5,15464	0,0328369099658276	65,6575126101799
3,632	0,20616	5,25567	0,0329768414973292	66,9443878330871
3,702	0,2102	5,35626	0,0335865431703006	68,2256585316146
3,772	0,21428	5,45678	0,0342562154996299	69,5060376012636
3,842	0,21836	5,55811	0,0348859073913873	70,7967340907933
3,912	0,22244	5,65915	0,0353556775328571	72,0837366892546
3,982	0,22652	5,76184	0,0357354916897901	73,3917562541397
4,052	0,2306	5,86449	0,0372247629893432	74,6992663168085
4,12	0,2346	5,96613	0,037284733645701	75,9939114485148
4,188	0,23856	6,06762	0,0377045282402059	77,2866459469099
4,256	0,24248	6,16853	0,0385641076480017	78,5719926631681
4,324	0,24644	6,26927	0,0388639609297909	79,8551739950069
4,392	0,2504	6,37073	0,0399534278536251	81,1475263667397
4,46	0,2544	6,47322	0,0402532811354143	82,4529984205431
4,526	0,25828	6,57449	0,0410129094492803	83,7429306567484
4,594	0,26224	6,67591	0,0413727333874274	85,0347735262648
4,662	0,26616	6,77875	0,0422622981234021	86,3447037244612
4,728	0,27	6,87945	0,0424522052018686	87,6273755540837
4,794	0,27384	6,97971	0,0429819459996962	88,9044428593264
4,86	0,27768	7,07989	0,0439314813920288	90,1804911601365
4,926	0,28152	7,18019	0,0447110999246807	91,4580679675957
4,992	0,28536	7,28101	0,0456206548794414	92,7422683038671
5,058	0,28916	7,38226	0,0459804788175884	94,0319457889642
5,124	0,293	7,48294	0,0463502978651285	95,3143628674785
5,19	0,29684	7,58418	0,0470299653038507	96,6039129770215
5,254	0,3006	7,68437	0,047309828366854	97,8800886533857
5,32	0,30444	7,78699	0,0485492219315828	99,1872165893922
5,386	0,30828	7,89006	0,0490589725106244	100,500076425332
5,452	0,31208	7,99248	0,049608703527238	101,804656850257
5,516	0,3158	8,09307	0,0500185030123499	103,085927548785
5,58	0,31956	8,19358	0,0507881264356089	104,36617924288
5,642	0,3232	8,2949	0,0511979259207209	105,656748356855
5,706	0,32696	8,39587	0,0517276667185485	106,942859326438
5,768	0,33056	8,49601	0,0524772999230215	108,218398125032
5,832	0,33428	8,59872	0,0532169380181016	109,526672441025
5,894	0,33788	8,69877	0,0537166934877503	110,801064859632
5,958	0,3416	8,80169	0,054216448957399	112,112014062261
6,02	0,3452	8,90238	0,0554758327409137	113,39455851633
6,084	0,34892	9,00428	0,0555657887254505	114,692515412442
6,146	0,35252	9,10594	0,0562954317111376	115,987415295257
6,208	0,35612	9,20691	0,0567951871807863	117,273526264839
6,27	0,35972	9,30749	0,0573948937443648	118,554669587813
6,332	0,36336	9,40931	0,05808455629248	119,851607479493
6,392	0,36684	9,50973	0,0586842628560584	121,130712793601
6,454	0,37044	9,6107	0,0592939645290298	122,416823763183
6,516	0,37404	9,71193	0,0599736319677521	123,706246497172
6,576	0,37752	9,81209	0,0606233140782954	124,982040046874
6,638	0,38112	9,9138	0,0612330157512668	126,277576807459
6,698	0,38464	10,014	0,0616927907833436	127,553879859377
6,758	0,38816	10,117	0,0624124386596377	128,865848066439
6,82	0,3918	10,21983	0,0629821598950372	130,175650889081
6,88	0,39528	10,32232	0,0638817197404049	131,481122942885
6,94	0,39876	10,42276	0,0643414947724817	132,760483008101
7	0,40224	10,5236	0,0647712844763796	134,044938095481
7,062	0,40584	10,62531	0,0656608492123543	135,340474856066
7,122	0,40932	10,72771	0,0658007807438559	136,644800529882
7,184	0,41292	10,83075	0,0670501694179777	137,95727823916
7,244	0,4164	10,93311	0,0673700129185528	139,261094410761
7,304	0,41988	11,03334	0,0680096999197032	140,537779589341
7,364	0,42336	11,13603	0,0690591864059654	141,845799154226
7,424	0,42684	11,23655	0,0691691326092882	143,126178223875
7,482	0,4302	11,33667	0,0700387071264769	144,401462271361
7,542	0,43368	11,43857	0,0707083794558061	145,699419167473
7,602	0,43716	11,54037	0,0713880468945284	146,996102308045
7,662	0,44064	11,64326	0,0724875089277555	148,306669384012
7,722	0,44412	11,74516	0,0726574257874361	149,604626280124
7,784	0,44772	11,84821	0,0733270981167653	150,917231364956
7,842	0,45112	11,9513	0,0739567900085227	152,230345952005
7,902	0,45468	12,05401	0,0743965748218136	153,538620267998
7,96	0,45808	12,15414	0,0750862373699288	154,814031691038
8,02	0,46156	12,25706	0,0762856504970856	156,124980893667
8,078	0,46496	12,35764	0,0763756064816224	157,40612421664
8,138	0,46844	12,45985	0,077305151655169	158,708029754929
8,196	0,4718	12,56293	0,0776150000463512	160,021016966424
8,256	0,47528	12,66611	0,078464584344754	161,335277933459
8,314	0,47864	12,76701	0,0791142664552973	162,620497274163
8,372	0,482	12,86891	0,0798239192221985	163,918454170276
8,43	0,4854	12,96986	0,0804636062233488	165,20431038875
8,488	0,48876	13,07153	0,0811132883338921	166,499337647119
8,546	0,49216	13,17446	0,0816730144598986	167,810414225302
8,604	0,49556	13,27612	0,0820128481792598	169,105314108116
8,662	0,49892	13,37966	0,0828624324776625	170,424160595099
8,72	0,50228	13,48194	0,0832322515252026	171,726957762266
8,778	0,50568	13,58325	0,0841817869175351	173,017399500688
8,836	0,50904	13,68634	0,0847714983717206	174,330514087736
8,894	0,51244	13,78977	0,0855311266855866	175,647959443624
8,952	0,51584	13,89288	0,0861008479209861	176,96132878178
9,008	0,51912	13,99554	0,0865606229530629	178,268966220003
9,066	0,52252	14,09911	0,0874301974702517	179,588194833648
9,122	0,52584	14,20129	0,0882797817686545	180,889718245274
9,178	0,52912	14,30188	0,0887895323476961	182,170988943802
9,234	0,5324	14,40411	0,0889894345355556	183,473149233199
9,29	0,53568	14,5043	0,0900189308030319	184,749324909563
9,348	0,53904	14,60781	0,0905186862726806	186,067789269883
9,404	0,54232	14,70979	0,0910784123986872	187,366765170428
9,462	0,54568	14,81301	0,0920779233379846	188,68153563968
9,52	0,54904	14,91552	0,0925277032606684	189,987262444592
9,576	0,55228	15,01668	0,0930274587303171	191,275793549702
9,632	0,55556	15,11685	0,0935771897469307	192,551714474958
9,688	0,5588	15,21724	0,0942668522950459	193,830437662404
9,744	0,56208	15,32048	0,0951364268122347	195,145462882764
9,8	0,56532	15,42136	0,0956661676100623	196,43042747236
9,856	0,56848	15,52198	0,0963258448299985	197,712080297549
9,914	0,57176	15,62399	0,0969855220499348	199,011438324757
9,972	0,57504	15,72459	0,0971854242377943	200,292836398838
10,03	0,57836	15,82718	0,0981049743019479	201,599582208183
10,086	0,5816	15,92963	0,0986746955373474	202,90454475977
10,144	0,585	16,0331	0,100024035305399	204,222499617873
10,198	0,58816	16,13424	0,0999240842114692	205,510775971875
10,254	0,5914	16,23624	0,100783663619265	206,810006623529
10,31	0,59468	16,33648	0,101403360401629	208,086819177663
10,366	0,59792	16,43745	0,101613257698882	209,372930147246
10,422	0,60116	16,53948	0,102452846887892	210,672542925562
10,48	0,60452	16,64267	0,103282440967508	211,986931268151
10,536	0,60776	16,74581	0,103962108406231	213,30068273297
10,592	0,611	16,84662	0,104401893219522	214,584755693687
10,648	0,61428	16,94933	0,10537141883064	215,893030009681
10,704	0,61752	17,05181	0,105511350362142	217,19837468793
10,76	0,6208	17,15468	0,10658082706719	218,508687012789
10,816	0,62408	17,25809	0,107060592318053	219,825877617568
10,87	0,62728	17,35809	0,107560347787701	221,099633158404
10,926	0,63052	17,45975	0,108100083694922	222,394533041219
10,98	0,63368	17,56058	0,109029628868469	223,678860753044
11,036	0,63696	17,66325	0,109789257182335	224,986625566821
11,092	0,64024	17,76685	0,110149081120482	226,306236307128
11,146	0,6434	17,86749	0,110528895277415	227,588143883426
11,2	0,64656	17,96834	0,111508415997926	228,87272634636
11,254	0,64972	18,06982	0,111978186139396	230,165333469201
11,308	0,65292	18,17222	0,112098127452112	231,469659143017
11,362	0,65608	18,27468	0,112927721531728	232,774749070158
11,416	0,6592	18,37704	0,113927232471026	234,078565241759
11,47	0,66236	18,47856	0,114716846113071	235,371681866816
11,524	0,66548	18,57975	0,114836787425786	236,660595098589
11,578	0,6686	18,68005	0,115766332599333	237,938171906048
11,632	0,67172	18,78112	0,116116161428087	239,225556631171
11,688	0,67496	18,88427	0,117045706601634	240,539435471544
11,742	0,67808	18,98473	0,117415525649174	241,819050287869
11,796	0,6812	19,08645	0,11797525177518	243,114714424008
11,85	0,68432	19,18742	0,118794850745404	244,40082539359
11,904	0,68748	19,28919	0,11975438124713	245,6971264075
11,958	0,69064	19,39086	0,120194166060421	246,992153665868
12,012	0,6938	19,49321	0,120464034014031	248,295842461915
12,066	0,69692	19,5966	0,121373588968791	249,612778315586
12,12	0,70004	19,69886	0,12234311457991	250,915320731645
12,174	0,70316	19,80064	0,122972806471667	252,211749121109
12,228	0,70624	19,90281	0,123262664644064	253,513145157181
12,282	0,70936	20,00463	0,123992307629751	254,810083048861
12,336	0,71252	20,10664	0,124851887037546	256,109441076069
12,39	0,71568	20,20915	0,125621510460805	257,41516788098
12,442	0,71872	20,3104	0,125951349070774	258,704845366077
12,496	0,72192	20,41354	0,12678094315039	260,018596830896
12,55	0,72504	20,51524	0,127410635042148	261,314006215927
12,604	0,7282	20,61818	0,128280209559336	262,625210169664
12,658	0,73132	20,72037	0,128869921013522	263,926860956845
12,712	0,73444	20,82216	0,129109803638953	265,223416721863
12,766	0,73756	20,92431	0,130189275453395	266,524558006827
12,82	0,74068	21,02619	0,130419162969433	267,822260151832
12,874	0,7438	21,13003	0,131498634783874	269,144927905436
12,928	0,74692	21,23355	0,131908434268986	270,46351964131
12,982	0,75004	21,33661	0,132877959880105	271,776252101697
13,036	0,7532	21,43926	0,133547632209434	273,083762164365
13,088	0,75624	21,53987	0,134287270304514	274,365287614001
13,142	0,7594	21,64292	0,13484699643052	275,677892698833
13,196	0,76252	21,74581	0,135716570947709	276,9884597748
13,25	0,76564	21,84812	0,136196336198572	278,29163906863
13,304	0,7688	21,95019	0,136935974293652	279,591761349162
13,358	0,77192	22,05269	0,137325783559978	280,897360778519
13,41	0,77496	22,15465	0,138395260265026	282,196081927956
13,464	0,77816	22,25658	0,138785069531352	283,494420950731
13,518	0,78132	22,35942	0,139574683173397	284,804351148927
13,57	0,7844	22,4617	0,140134409299404	286,107148316095
13,622	0,7874	22,56272	0,140754106081768	287,393896163448
13,676	0,79056	22,6659	0,141443768629883	288,708157130484
13,728	0,79356	22,76771	0,142023484974676	290,004967646609
13,782	0,79668	22,86989	0,142963025257615	291,306491058236
13,834	0,79968	22,97082	0,143572726930587	292,592092525602
13,886	0,80272	23,0716	0,144412316119597	293,875783359658
13,94	0,80584	23,17461	0,144932061808031	295,187878942273
13,992	0,80888	23,27482	0,145661704793718	296,464309369746
14,044	0,81188	23,37658	0,146731181498767	297,760483008101
14,098	0,81504	23,47925	0,1471109956557	299,068247821878
14,15	0,81804	23,58134	0,147420844046882	300,368624853518
14,202	0,82108	23,68279	0,14812050170439	301,660849849697
14,254	0,82412	23,7831	0,149070037096722	302,93855403271
14,306	0,82716	23,88603	0,149649753441515	304,249630610893
14,358	0,8302	23,98933	0,150279445333272	305,565420084577
14,41	0,8332	24,09127	0,150989098100173	306,863886482906
14,462	0,8362	24,19304	0,151928638383113	308,160187496816
14,514	0,8392	24,29363	0,152308452540046	309,441458195343
14,566	0,8422	24,39512	0,152888168884839	310,734192693738
14,618	0,84524	24,49775	0,153827709167778	312,041448005299
14,67	0,84828	24,60068	0,154857205435254	313,352524583482
14,722	0,85128	24,70459	0,154597332591037	314,676083965965
14,774	0,85432	24,80581	0,155666809296085	315,9653793244
14,826	0,85732	24,90636	0,156146574546948	317,246140520711
14,878	0,86032	25,00739	0,15665632512599	318,533015743618
14,93	0,86336	25,10997	0,157725801831038	319,839634177409
14,984	0,86648	25,21384	0,158585381238834	321,162684057676
15,036	0,86948	25,3151	0,159085136708482	322,452488918327
15,088	0,87248	25,41585	0,159654857943882	323,73579762572
15,14	0,87548	25,51877	0,160614388445607	325,046746828349
15,192	0,87848	25,62124	0,161224090118579	326,351964131044
15,244	0,88148	25,72491	0,161683865150656	327,672466500229
15,296	0,88452	25,82804	0,162863288059027	328,986090589494
15,348	0,88756	25,9316	0,163323063091103	330,305191827584
15,4	0,8906	26,03465	0,164032715858005	331,617796912417
15,45	0,89352	26,13641	0,164702388187334	332,913970550772
15,502	0,89652	26,23682	0,164972256140944	334,192948489326
15,554	0,89956	26,33902	0,165651923579666	335,494726652061
15,606	0,90256	26,44113	0,166461527440497	336,795358434809
15,658	0,9056	26,54256	0,167431053051616	338,08732867988
15,71	0,90864	26,64531	0,167810867208549	339,396112498089
15,76	0,91156	26,74541	0,168740412382095	340,671141794467
15,812	0,91464	26,84742	0,169589996680498	341,970499821674
15,862	0,91756	26,94962	0,170189703244077	343,272277984409
15,914	0,9206	27,05246	0,170899356010978	344,582208182606
15,966	0,9236	27,15518	0,171648989215451	345,890609874153
16,018	0,9266	27,25777	0,172408617529317	347,197355683497
16,07	0,9296	27,36015	0,172918368108358	348,501426606206
16,122	0,9326	27,46079	0,174017830141586	349,783334182504
16,174	0,93556	27,56407	0,174607541595771	351,09886890508
16,226	0,93856	27,66433	0,174987355752704	352,375936210322
16,278	0,94156	27,76733	0,17594688625443	353,687904417384
16,33	0,9446	27,86789	0,177376186897625	354,968792989249
16,382	0,9476	27,96938	0,177256245584909	356,261527487645
16,434	0,95064	28,07181	0,178355707618136	357,566235288123
16,484	0,95356	28,17261	0,179155316369574	358,850180873287
16,536	0,9566	28,27363	0,179834983808296	360,13692872064
16,588	0,9596	28,37728	0,180044881105549	361,457176338717
16,64	0,96264	28,47931	0,181264284451492	362,756789117033
16,69	0,96552	28,58078	0,181464186639351	364,04926886432
16,742	0,96848	28,68204	0,18233376115654	365,339073724971
16,794	0,97152	28,78504	0,182943462829511	366,651041932032
16,846	0,97452	28,88868	0,183693096033984	367,971162174556
16,896	0,97744	28,98901	0,184302797706956	369,249121108677
16,948	0,98048	29,09107	0,185722103240758	370,549116013655
16,998	0,9834	29,19407	0,185842044553474	371,861084220716
17,05	0,9864	29,29685	0,18670162396127	373,170250165588
17,102	0,98944	29,40076	0,187021467461845	374,493809548072
17,152	0,99236	29,50149	0,188160909932644	375,776863504356
17,202	0,99528	29,60241	0,188680655621079	377,062337596169
17,254	0,99828	29,70479	0,189280362184657	378,366408518877
17,304	1,00116	29,8051	0,190359833999098	379,64411270189
17,356	1,0042	29,90859	0,190849594359354	380,962322311102
17,406	1,00708	30,01066	0,191519266688683	382,262444591634
17,456	1,01	30,1112	0,191889085736223	383,543078412391
17,506	1,01288	30,21226	0,193048518425808	384,830335761961
17,556	1,0158	30,31461	0,193278405941847	386,134024558007
17,606	1,01872	30,41554	0,194427843522039	387,419626025373
17,656	1,02164	30,51778	0,195197466945298	388,721913690325
17,706	1,02456	30,62009	0,195517310445873	390,025092984155
17,756	1,02744	30,72061	0,195967090368557	391,305472053803
17,806	1,03032	30,82193	0,197216479042678	392,596041167779
17,856	1,03324	30,92295	0,197956117137758	393,882789015132
17,906	1,03616	31,02458	0,198225985091369	395,177306771285
17,956	1,03908	31,12542	0,199075569389771	396,461761858664
18,006	1,042	31,22651	0,199935148797567	397,749401334896
18,056	1,04496	31,32877	0,201004625502615	399,051943750955
18,106	1,04792	31,43199	0,201514376081657	400,366714220207
18,156	1,05088	31,53456	0,201954160894948	401,673205278443
18,206	1,0538	31,63654	0,202823735412137	402,972181178988
18,256	1,05668	31,73821	0,203653329491754	404,267208437357
18,308	1,05968	31,84188	0,203933192554757	405,587710806542
18,358	1,0626	31,94307	0,205012664369198	406,876624038315
18,408	1,06548	32,04456	0,205552400276419	408,16935853671
18,46	1,06848	32,14704	0,206701837856611	409,474703214959
18,51	1,07136	32,24809	0,207051666685365	410,761833188974
18,56	1,07428	32,35014	0,207731334124087	412,061700718398
18,612	1,07728	32,45288	0,20868086951642	413,370357161054
18,662	1,0802	32,55361	0,209560439143001	414,653411117338
18,712	1,08316	32,6551	0,209890277752969	415,946145615733
18,762	1,08608	32,75574	0,2106998816138	417,228053192031
18,812	1,089	32,8562	0,211569456130989	418,507668008356
18,862	1,09192	32,95801	0,212449025757571	419,804478524482
18,914	1,09496	33,06191	0,212788859476932	421,127910531411
18,966	1,09792	33,16534	0,213808360635015	422,445355887298
19,016	1,10084	33,26719	0,214468037854951	423,74267590564
19,066	1,10372	33,36749	0,215157700403067	425,020252713099
19,116	1,10664	33,46843	0,215947314045112	426,30598155602
19,166	1,10956	33,57119	0,216337123311438	427,614892749784
19,216	1,11248	33,67297	0,217626492423131	428,911321139247
19,266	1,1154	33,77451	0,218176223439745	430,204692515412
19,316	1,11828	33,8767	0,21896583708179	431,506343302593
19,366	1,1212	33,97689	0,220015323568052	432,782518978958
19,416	1,12412	34,07804	0,220405132834378	434,070922708514
19,468	1,12712	34,18141	0,221164761148244	435,387603811077
19,52	1,13012	34,28488	0,221714492164858	436,70555866918
19,57	1,133	34,38634	0,222354179166008	437,997911040913
19,62	1,13592	34,48717	0,223693523824667	439,282238752739
19,672	1,13892	34,59	0,224163293966136	440,592041575381
19,722	1,14184	34,6931	0,225092839139683	441,905283537983
19,772	1,14472	34,79528	0,225662560375082	443,20680694961
19,822	1,14764	34,89636	0,226782012627095	444,494319050288
19,872	1,15056	34,99851	0,227251782768565	445,795460335253
19,922	1,15344	35,10197	0,227701562691249	447,113287817802
19,972	1,15632	35,20302	0,228841005162048	448,400417791817
20,022	1,15924	35,30532	0,229780545444988	449,703469710093
20,072	1,16212	35,40589	0,230820036821857	450,984485657513
20,122	1,165	35,50851	0,230899997697001	452,291613593519
20,172	1,16792	35,60993	0,231919498855084	453,583456463036
20,222	1,17084	35,71287	0,232609161403199	454,894660416773
20,272	1,1738	35,81552	0,233348799498279	456,202170479442
20,32	1,1766	35,91579	0,233938510952465	457,479365160239
20,368	1,17944	36,01589	0,234548212625436	458,754394456616
20,418	1,18236	36,11914	0,235407792033232	460,06954705253
20,468	1,18528	36,22083	0,236167420347098	461,364829062006
20,516	1,18804	36,32122	0,23694703887975	462,643552249452
20,566	1,19096	36,42191	0,237646696537258	463,926096703521
20,616	1,19384	36,52372	0,238466295507482	465,222907219646
20,666	1,19672	36,62454	0,239325874915278	466,507107555918
20,716	1,1996	36,72719	0,239875605931891	467,814617618587
20,766	1,20252	36,82802	0,240985063074512	469,098945330412
20,814	1,20528	36,92819	0,241664730513234	470,374866255668
20,864	1,20816	37,02825	0,242214461529847	471,649386049829
20,914	1,21108	37,13196	0,242824163202819	472,970397921231
20,964	1,214	37,23366	0,243603781735471	474,265807306262
21,014	1,21692	37,33565	0,244593297565375	475,564910582361
21,064	1,21984	37,43766	0,245252974785311	476,864268609569
21,114	1,22276	37,54033	0,24565277916103	478,172033423345
21,166	1,22576	37,64404	0,246782226522436	479,493045294747
21,216	1,22864	37,7463	0,247581835273874	480,795587710807
21,268	1,23168	37,85021	0,248371448915919	482,11914709329
21,318	1,2346	37,95301	0,249151067448571	483,42856778927
21,368	1,23748	38,05517	0,249950676200009	484,729836449789
21,418	1,24044	38,15897	0,25066032896691	486,051994701177
21,468	1,24336	38,26067	0,251260035530489	487,347404086208
21,518	1,24624	38,36404	0,252369492673109	488,664085188771
21,57	1,24928	38,4679	0,252659350845505	489,987007693484
21,62	1,25216	38,57092	0,253528925362694	491,299230651653
21,67	1,25508	38,67137	0,254328534114132	492,578718092424
21,72	1,25796	38,77465	0,255068172209212	493,894252815
21,77	1,26088	38,87496	0,256527458180586	495,171956998013
21,82	1,2638	38,97656	0,257027213650235	496,466092627503
21,87	1,26668	39,07777	0,25734705715081	497,755260610384
21,92	1,2696	39,18096	0,258586450715539	499,069648952973
21,97	1,27252	39,28126	0,259605951873622	500,347225760432
22,02	1,27544	39,38423	0,26003574157752	501,658811840832
22,07	1,27836	39,48491	0,260905316094709	502,941228919346
22,118	1,28116	39,58507	0,261385081345572	504,217022469048
22,168	1,28408	39,68763	0,262234665643974	505,52338615173
22,218	1,287	39,78872	0,263124230379949	506,811025627961
22,268	1,28988	39,88964	0,263993804897138	508,096499719774
22,318	1,2928	39,99269	0,26457352124193	509,409104804606
22,368	1,29568	40,09274	0,265623007728193	510,683497223213
22,418	1,29856	40,19509	0,266092777869662	511,987186019259
22,468	1,30152	40,2971	0,267082293699567	513,286544046467
22,518	1,30444	40,39912	0,268161765514008	514,586029449228
22,568	1,30736	40,50175	0,268761472077586	515,893284760789
22,618	1,31028	40,60481	0,269341188422379	517,206017221175
22,668	1,3132	40,7056	0,27025074337714	518,489835430784
22,718	1,31608	40,80787	0,271250254316437	519,792505222398
22,768	1,31896	40,90804	0,27226975547452	521,068426147654
22,818	1,32188	41,00841	0,27310934466353	522,346894583991
22,868	1,32476	41,11093	0,273998909399505	523,652748764457
22,918	1,3276	41,21099	0,274388718665831	524,927268558618
22,968	1,33048	41,31242	0,275108366542125	526,219238803689
23,018	1,33332	41,41288	0,276377745435033	527,498853620013
23,068	1,3362	41,5139	0,277257315061614	528,785601467366
23,118	1,33908	41,61586	0,277657119437333	530,084322616803
23,168	1,342	41,71911	0,278576669501487	531,399475212717
23,218	1,34492	41,82077	0,279416258690497	532,694375095532
23,266	1,34772	41,9214	0,280195877223149	533,976155296276
23,316	1,35064	42,02338	0,281465256116056	535,275131196821
23,366	1,35356	42,12649	0,282024982242063	536,588500534977
23,416	1,35648	42,22955	0,282664669243213	537,901232995364
23,466	1,35936	42,32967	0,283584219307367	539,176517042849
23,516	1,36224	42,43027	0,284313862293054	540,457915116931
23,566	1,3652	42,53358	0,28534335856053	541,773831966169
23,616	1,36812	42,63445	0,286192942858933	543,058669180211
23,666	1,37108	42,73813	0,287052522266729	544,37929892495
23,714	1,37388	42,83974	0,287732189705451	545,673561929994
23,764	1,3768	42,9423	0,28850181312871	546,979925612677
23,814	1,37972	43,04467	0,289831162677976	548,283869159831
23,864	1,38264	43,14845	0,290470849679126	549,605772660111
23,914	1,38552	43,24889	0,291380404633887	550,885132725327
23,964	1,3884	43,35138	0,292369920463791	552,190604779131
24,014	1,39132	43,45207	0,293329450965517	553,473149233199
24,064	1,3942	43,55419	0,294059093951204	554,773908391501
24,114	1,39708	43,65534	0,294568844530245	556,062312121058
24,164	1,4	43,75797	0,295938174517083	557,369567432618
24,214	1,40292	43,85857	0,296637832174591	558,6509655067
24,264	1,4058	43,9609	0,297347484941492	559,954399551638
24,314	1,40872	44,06202	0,298337000771397	561,242421154532
24,364	1,41164	44,16423	0,299076638866477	562,544326692821
24,414	1,41456	44,26512	0,300346017759384	563,829418657971
24,464	1,41744	44,36856	0,300795797682068	565,146991389413
24,514	1,42032	44,47054	0,301605401542899	566,445967289958
24,564	1,42324	44,57236	0,302854790217021	567,742905181638
24,614	1,42616	44,6744	0,303584433202708	569,042645335507
24,664	1,42908	44,77795	0,304394037063539	570,361619198044
24,714	1,432	44,88094	0,305193645814977	571,673460029551
24,764	1,43496	44,98411	0,306363073613955	572,987593621032
24,814	1,43792	45,08736	0,30705273616207	574,302746216946
24,862	1,44076	45,18744	0,308092227538939	575,577520762215
24,91	1,44356	45,28763	0,308931816727949	576,85369643858
24,96	1,44648	45,389	0,310031278761176	578,144902430326
25,01	1,44936	45,48926	0,310840882622007	579,421969735568
25,06	1,45228	45,59247	0,311650486482838	580,736612829266
25,11	1,45516	45,69273	0,312560041437599	582,013680134509
25,162	1,45816	45,79617	0,313489586611145	583,33125286595
25,212	1,46104	45,89846	0,314579053534979	584,634177408672
25,264	1,46404	46,00235	0,315608549802456	585,957482040047
25,314	1,46692	46,10326	0,316478124319644	587,242828756305
25,364	1,4698	46,20492	0,317257742852296	588,53772863912
25,414	1,47268	46,30493	0,318287239119773	589,81161155551
25,464	1,47556	46,40498	0,31918679896514	591,086003974117
25,514	1,47844	46,50769	0,320336236545332	592,39427829011
25,564	1,48132	46,60816	0,320875972452553	593,674020481989
25,614	1,48424	46,70975	0,321575630110061	594,968028735925
25,664	1,48712	46,81163	0,323104881847186	596,265730880929
25,714	1,48996	46,91274	0,323704588410765	597,553625108269
25,764	1,49284	47,01282	0,324444226505845	598,828399653539
25,814	1,49572	47,11433	0,326003463571149	600,121388903042
25,864	1,49864	47,21502	0,326723111447443	601,40393335711
25,914	1,5016	47,31725	0,327522720198881	602,706093646507
25,962	1,5044	47,41735	0,328672157779073	603,981122942885
26,012	1,50732	47,5195	0,329691658937156	605,282264227849
26,062	1,51024	47,6213	0,330581223673131	606,578947368421
26,112	1,51316	47,7248	0,331540754174856	607,897284353187
26,162	1,51604	47,82622	0,332450309129617	609,189127222704
26,214	1,51904	47,92965	0,333409839631342	610,506572578591
26,264	1,52196	48,03256	0,334389360351854	611,817394405666
26,314	1,52484	48,13386	0,335188969103292	613,107708768533
26,364	1,52776	48,23433	0,335878631651407	614,387450960412
26,414	1,53064	48,3365	0,336868147481311	615,688846996484
26,464	1,53356	48,4372	0,33810754104604	616,971518826107
26,514	1,53648	48,53891	0,338917144906871	618,267055586692
26,564	1,53936	48,64016	0,340036597158884	619,556733071789
26,614	1,54228	48,74153	0,340936157004252	620,847939063535
26,666	1,54532	48,84509	0,341555853786616	622,167040301625
26,716	1,5482	48,94565	0,342795247351345	623,447928873491
26,766	1,55112	49,04698	0,343894709384572	624,73862536302
26,816	1,55404	49,14768	0,344924205652048	626,021297192643
26,866	1,55696	49,25005	0,345783785059844	627,325240739797
26,916	1,55988	49,35142	0,346753310670963	628,616446731543
26,966	1,56284	49,45461	0,347572909641187	629,930835074133
27,016	1,5658	49,55685	0,349172127144062	631,233122739084
27,066	1,56876	49,66054	0,350141652755181	632,553879859377
27,116	1,57172	49,76294	0,350901281069047	633,858205533194
27,166	1,5746	49,86452	0,35192078222713	635,152086411576
27,218	1,57764	49,96706	0,353040234479143	636,45819534315
27,268	1,58056	50,06774	0,353889818777546	637,740612421664
27,318	1,58348	50,16829	0,354699422638377	639,021373617975
27,368	1,58636	50,26938	0,355638962921317	640,309013094207
27,42	1,5894	50,37256	0,357428087502659	641,623274061242
27,47	1,59232	50,47397	0,358167725597739	642,914989555205
27,522	1,59536	50,57665	0,35951706536579	644,222881744536
27,572	1,59824	50,67695	0,360536566523874	645,500458551995
27,622	1,60116	50,77755	0,361336175275312	646,781856626076
27,672	1,60408	50,87756	0,362215744901893	648,055739542467
27,724	1,60712	50,98034	0,363445143357229	649,364905487339
27,774	1,61	51,08314	0,364474639624706	650,674326183319
27,826	1,61304	51,18458	0,365684047861255	651,966423803943
27,876	1,61592	51,28507	0,36684348055084	653,24642074693
27,928	1,61892	51,38735	0,367563128427135	654,549217914098
27,98	1,62192	51,48878	0,368952448632758	655,841188159168
28,032	1,62496	51,59093	0,370391744385346	657,142329444133
28,082	1,62788	51,69109	0,371011441167711	658,418122993835
28,134	1,63092	51,79334	0,372300810279404	659,720538034341
28,184	1,63384	51,89548	0,373030453265091	661,021551943751
28,236	1,63688	51,99667	0,374349807704964	662,310465175524
28,288	1,63988	52,10062	0,375349318644261	663,634534060223
28,34	1,64292	52,20362	0,376398805130524	664,946502267285
28,392	1,64592	52,30711	0,377718159570396	666,264711876497
28,444	1,64896	52,40958	0,379147460213591	667,569929179192
28,496	1,65196	52,5126	0,380436829325285	668,882152137362
28,548	1,65496	52,61359	0,381756183765158	670,168517858053
28,598	1,65784	52,7154	0,382515812079024	671,465328374179
28,65	1,66088	52,81692	0,383565298565286	672,758444999236
28,702	1,66392	52,91982	0,384884653005159	674,069139450757
28,754	1,66692	53,02311	0,385884163944456	675,384801548887
28,806	1,66996	53,12515	0,387013611305862	676,684541702757
28,858	1,673	53,22717	0,388532867933594	677,984027105518
28,91	1,676	53,33079	0,389482403325927	679,303892596933
28,964	1,67912	53,43331	0,390411948499473	680,609746777399
29,014	1,68204	53,53373	0,391751293158132	681,888852091507
29,066	1,68504	53,63423	0,393000681832253	683,168976410047
29,118	1,68804	53,7356	0,393760310146119	684,460182401793
29,17	1,69108	53,83752	0,395159625461136	685,758394049014
29,222	1,69412	53,94081	0,396409014135258	687,074056147144
29,274	1,69716	54,04332	0,397638412590593	688,379782952056
29,324	1,70012	54,1451	0,398587947982926	689,676211341519
29,376	1,7032	54,24766	0,399977268188549	690,982575024201
29,428	1,7062	54,35096	0,400896818252703	692,298364497886
29,48	1,70924	54,45184	0,402056250942288	693,583329087482
29,532	1,71224	54,5526	0,40357550757002	694,866765170428
29,586	1,71536	54,65606	0,405004808213215	696,184592652978
29,638	1,71836	54,75718	0,406074284918263	697,472614255872
29,692	1,72148	54,86039	0,407083790966954	698,787257349569
29,746	1,7246	54,96414	0,408623037813472	700,108778723187
29,8	1,72776	55,06672	0,409552582987018	701,415397156978
29,852	1,73076	55,16824	0,411051849395965	702,708513782035
29,904	1,7338	55,26968	0,412251262523121	704,00061140266
29,956	1,7368	55,37045	0,413650577838138	705,284174861161
30,008	1,7398	55,47163	0,414999917606189	706,572960717379
30,06	1,74284	55,57252	0,415959448107915	707,858052682529
30,114	1,74596	55,67441	0,417208836782037	709,155882203088
30,166	1,74896	55,77586	0,41923784398881	710,448107199266
30,22	1,75208	55,87817	0,419657638583315	711,751286493096
30,274	1,75524	55,9807	0,421296836523763	713,057268049116
30,326	1,75824	56,08097	0,422856073589067	714,334462729913
30,38	1,76144	56,18449	0,424295369341655	715,653054465787
30,432	1,76448	56,2848	0,425294880280953	716,9307586488
30,484	1,76752	56,3854	0,426364356986001	718,212156722882
30,538	1,77064	56,48806	0,428173471786129	719,519794161105
30,592	1,7738	56,58972	0,429362889803893	720,814694043919
30,646	1,77692	56,69291	0,430762205118909	722,129082386508
30,7	1,78004	56,79395	0,432091554668175	723,41608498497
30,754	1,78316	56,89743	0,434080581437377	724,734167218627
30,808	1,78628	56,99934	0,435309979892712	726,032251490294
30,862	1,7894	57,10109	0,436399446816547	727,328297753095
30,916	1,79256	57,20308	0,437808757240956	728,627401029195
30,97	1,79572	57,30582	0,4391680921184	729,93605747185
31,024	1,79884	57,40602	0,440867260715206	731,212360523768
31,078	1,802	57,50763	0,442356532014759	732,506623528812
31,132	1,80516	57,60971	0,44363590601706	733,806873184898
31,186	1,80828	57,71074	0,445325079504472	735,093748407806
31,242	1,81152	57,81395	0,446284610006198	736,408391501503
31,296	1,81464	57,91438	0,448263641666007	737,687624191165
31,352	1,81792	58,01679	0,44948304501195	738,992077240536
31,406	1,82108	58,11791	0,451092257624218	740,28009884343
31,46	1,82424	58,22117	0,452211709876232	741,595378814898
31,514	1,82744	58,32275	0,453880893144858	742,88925969328
31,568	1,83064	58,42582	0,455749978601344	744,20211952922
31,62	1,83368	58,52602	0,456849440634572	745,478422581138
31,674	1,83684	58,62635	0,458008873324156	746,75638151526
31,728	1,84	58,72663	0,459857968561857	748,033703571611
31,782	1,84316	58,82769	0,461237293658087	749,32096092118
31,838	1,8464	58,92988	0,462976442692465	750,622611708361
31,894	1,84964	59,03071	0,464245821585372	751,906939420187
31,95	1,85288	59,13361	0,465835043978855	753,217633871707
32,006	1,85612	59,23508	0,467654153888376	754,510113618994
32,062	1,8594	59,33731	0,469453273579112	755,812273908392
32,116	1,86252	59,43794	0,470202906783585	757,094054109135
32,172	1,8658	59,5392	0,472171943334001	758,383858969787
32,228	1,86904	59,64078	0,474140979884417	759,677739848168
32,284	1,87224	59,74299	0,47553030009004	760,979645386457
32,342	1,87552	59,84571	0,477169498030488	762,288047078005
32,4	1,8788	59,94598	0,478698749767613	763,565241758802
32,458	1,88204	60,04622	0,480977634709211	764,842054312936
32,516	1,88536	60,14803	0,48248689622755	766,138864829062
32,572	1,8886	60,24805	0,484076118621033	767,412875121007
32,628	1,89188	60,34894	0,485465438826656	768,697967086157
32,684	1,89516	60,4504	0,487584402017967	769,99031945789
32,742	1,89852	60,55188	0,489063678208127	771,282926580731
32,8	1,90188	60,65416	0,490972744102185	772,585723747898
32,858	1,90524	60,75595	0,492551971386275	773,882279512916
32,916	1,90856	60,8567	0,494670934577585	775,165588220309
32,974	1,91188	60,9568	0,496230171642889	776,440617516686
33,032	1,91524	61,05878	0,497959325567874	777,739593417231
33,09	1,91856	61,15996	0,49972845993043	779,02837927345
33,148	1,92196	61,26282	0,50130768721452	780,338564222754
33,206	1,92536	61,36474	0,503576577046725	781,636775869975
33,264	1,92872	61,46672	0,505275745643531	782,93575177052
33,322	1,93212	61,56976	0,506994904459122	784,248229479798
33,38	1,93552	61,6707	0,509213818744362	785,533958322719
33,438	1,93892	61,77163	0,510883002012989	786,819559790085
33,496	1,94228	61,87232	0,51290201411037	788,102104244153
33,556	1,94576	61,97349	0,514831070223214	789,390762724818
33,614	1,94916	62,07429	0,516780116554844	790,674708309981
33,674	1,95268	62,17765	0,518779138433438	791,99126203699
33,734	1,9562	62,27962	0,520708194546282	793,290110561981
33,792	1,95964	62,38198	0,522657240877912	794,593926733581
33,85	1,96304	62,4832	0,524786199178616	795,883222092016
33,91	1,96656	62,58588	0,526565328650565	797,191114281347
33,97	1,97004	62,68821	0,52883421848277	798,494548326285
34,032	1,97364	62,79115	0,530903206127116	799,805752280022
34,092	1,97712	62,89217	0,533262051943858	801,092500127376
34,154	1,98068	62,99349	0,535391010244561	802,383069241351
34,216	1,98428	63,09584	0,537090178841367	803,686758037398
34,278	1,98788	63,1976	0,539748877939898	804,982931675753
34,338	1,99136	63,29769	0,541458041646096	806,257833596576
34,4	1,99496	63,39895	0,543696946150123	807,547638457227
34,46	1,99848	63,49916	0,545825904450826	808,8240688847
34,52	2,00196	63,59937	0,5478549116576	810,100499312172
34,582	2,00556	63,69963	0,550363684115236	811,377566617415
34,644	2,00916	63,80113	0,5521228233684	812,670428491364
34,708	2,01284	63,90285	0,554351732763033	813,966092627503
34,772	2,01656	64,00533	0,556590637267059	815,271437305752
34,834	2,02016	64,1067	0,558799556442906	816,562643297498
34,896	2,0238	64,20764	0,561228368025399	817,848372140419
34,96	2,02756	64,30955	0,563507252966997	819,146456412086
35,022	2,03116	64,41019	0,566185942284314	820,428363988383
35,088	2,035	64,512	0,568164973944123	821,725174504509
35,152	2,03868	64,61257	0,570583790417223	823,006190451929
35,22	2,0426	64,71559	0,572902655796393	824,318413410098
35,286	2,04644	64,8186	0,575781247301569	825,630508992714
35,35	2,05012	64,91935	0,577690313195627	826,913817700107
35,414	2,05384	65,0198	0,580109129668727	828,193305140877
35,478	2,05756	65,11992	0,582837794533009	829,468589188363
35,542	2,06132	65,22158	0,585416532756396	830,763489071178
35,608	2,06516	65,32286	0,587845344338889	832,053548682937
35,674	2,069	65,42563	0,590733930953458	833,362587252255
35,742	2,07296	65,52791	0,5930927767702	834,665384419422
35,808	2,07676	65,62806	0,595871417181447	835,94105059357
35,874	2,0806	65,72814	0,598620072264515	837,215825138839
35,94	2,08448	65,82965	0,601288766472439	838,508814388343
36,008	2,08852	65,93245	0,604007436227328	839,818235084323
36,072	2,09228	66,0329	0,606646145107073	841,097722525093
36,142	2,09636	66,13542	0,609244873549246	842,403576705559
36,21	2,10028	66,23697	0,612323367242282	843,697075457278
36,28	2,10436	66,3378	0,615141988091101	844,981403169104
36,35	2,1084	66,44013	0,61786065784599	846,284837214042
36,42	2,11244	66,54036	0,620869185773275	847,561522392622
36,49	2,11652	66,64138	0,624257527857493	848,848270239976
36,562	2,12072	66,74384	0,62730603622235	850,153360167117
36,632	2,12484	66,84662	0,630124657071169	851,462526111989
36,704	2,12904	66,94939	0,632933282810595	852,771564681306
36,776	2,13324	67,05065	0,636261654238455	854,061369541958
36,848	2,13744	67,15335	0,639510064791172	855,369516482397
36,922	2,14172	67,25385	0,642918397094176	856,649640800938
36,996	2,146	67,35424	0,646036871224784	857,928363988383
37,068	2,15016	67,45588	0,649555149731111	859,22300912009
37,142	2,15452	67,55813	0,652853535830792	860,525424160595
37,216	2,1588	67,66048	0,655962014852007	861,829112956642
37,292	2,16324	67,76258	0,659650210218014	863,129617363836
37,368	2,1676	67,86366	0,662498816395012	864,417129464513
37,444	2,172	67,96419	0,666506855261594	865,697635909716
37,52	2,1764	68,06491	0,669695295157953	866,980562490447
37,596	2,1808	68,16545	0,673623373149392	868,261196311204
37,672	2,18524	68,26583	0,677521465812652	869,539792123096
37,75	2,18976	68,36808	0,680789866584154	870,842207163601
37,828	2,19432	68,47068	0,684458071731376	872,1490803485
37,906	2,19888	68,57216	0,687736467612271	873,441687471341
37,984	2,2034	68,67273	0,69213431574518	874,72270341876
38,064	2,20804	68,77361	0,696192330158727	876,007668008356
38,144	2,21272	68,87578	0,699740593993233	877,309064044429
38,224	2,21744	68,97637	0,703758627969209	878,590334742956
38,302	2,22204	69,07867	0,707436828225823	879,893386661232
38,384	2,2268	69,17951	0,712054568765377	881,177841748612
38,466	2,23156	69,28001	0,715812729897135	882,457966067153
38,55	2,2364	69,38133	0,720790294374836	883,748535181128
38,634	2,2412	69,48144	0,724628416381738	885,02369185306
38,72	2,24616	69,58287	0,729046254733433	886,31566209813
38,804	2,25108	69,68361	0,733584034397843	887,598843429969
38,888	2,256	69,78419	0,738101823843467	888,879986752943
38,972	2,26088	69,88429	0,74257963285152	890,15501604932
39,06	2,266	69,98637	0,747557197329221	891,455265705406
39,15	2,2712	70,08802	0,751795123711842	892,750038212666
39,224	2,27548	70,17193	0,756242947391715	893,818846486982
39,226	2,2756	70,17429	0,756332903376252	893,848907117746
39,288	2,28168	70,27476	0,759681265022898	895,128649309625
39,316	2,2858	70,38176	0,762080091277212	896,49156773832
39,338	2,28936	70,49034	0,764229039796701	897,87461150456
39,358	2,29284	70,59608	0,765868237737149	899,221480613441
39,378	2,29644	70,70353	0,768117137350568	900,59013094207
39,398	2,30012	70,81138	0,770595924480026	901,963876292862
39,418	2,30388	70,91631	0,773464520875809	903,300427981862
39,438	2,30768	71,01738	0,776303131943414	904,587812706985
39,46	2,31192	71,12388	0,779671483808846	905,944362357976
39,482	2,31624	71,2256	0,783509605815748	907,240026494115
39,506	2,32096	71,33335	0,787517644682331	908,612498089367
39,53	2,32572	71,4366	0,791745575955559	909,927650685281
39,556	2,33088	71,54361	0,79672314043326	911,29069648953
39,582	2,33608	71,64577	0,801560773379459	912,591965150049
39,61	2,34168	71,75173	0,806798210701378	913,941636521119
39,638	2,34728	71,85385	0,812315511086299	915,242395679421
39,668	2,35332	71,9598	0,818422522925406	916,591939674938
39,698	2,35932	72,06515	0,82461949074905	917,933841137209
39,728	2,36532	72,16729	0,83073649769755	919,234855046619
39,76	2,37172	72,27383	0,837303284568734	920,591914199827
39,792	2,37808	72,37863	0,844239890487458	921,926810006624
39,824	2,38452	72,48276	0,851106530640432	923,253171651297
39,856	2,39092	72,58551	0,858163077871871	924,561955469506
39,888	2,39732	72,6876	0,865089688681202	925,862332501147
39,92	2,40368	72,78814	0,871616495114814	927,142966321904
39,954	2,41052	72,89267	0,879292739128618	928,47442298874
39,988	2,41732	72,99665	0,886729100516991	929,798874000102
40,022	2,42412	73,09844	0,89445532007776	931,09542976512
40,056	2,43092	73,20014	0,902121568982171	932,39083915015
40,092	2,43808	73,30276	0,910037695621406	933,697967086157
40,128	2,44528	73,40347	0,917883856494891	934,980766291333
40,164	2,45248	73,50512	0,925849958681091	936,275538798594
40,202	2,46008	73,61032	0,93478558647841	937,615529627554
40,24	2,46764	73,71348	0,943901126244802	938,929535843481
40,278	2,47524	73,81555	0,952336998572472	940,229658124013
40,316	2,48292	73,91636	0,961312606807363	941,51373108473
40,354	2,49056	74,01757	0,97010830307318	942,802899067611
40,394	2,49852	74,11983	0,979873524950116	944,10544148367
40,436	2,50692	74,22338	0,990008565874592	945,424415346207
40,478	2,51532	74,32486	1,00049343562782	946,717022469048
40,52	2,52372	74,42687	1,01041857925504	948,016380496255
40,562	2,53212	74,52762	1,02016381091319	949,299689203648
40,606	2,54092	74,63138	1,03100850460457	950,62133795282
40,65	2,54972	74,73305	1,04202311515563	951,916365211189
40,694	2,55852	74,8347	1,05309769636304	953,211137718449
40,74	2,56768	74,93708	1,0649718863219	954,515208641158
40,788	2,57728	75,03958	1,07675612029621	955,820808070515
40,836	2,58692	75,1434	1,08883021244293	957,143221073012
40,884	2,59652	75,24366	1,10142405027807	958,420288378255
40,936	2,60692	75,34662	1,11470755066134	959,7317470831
40,986	2,617	75,44746	1,12783112929431	961,01620217048
41,04	2,6278	75,54953	1,14202418463233	962,316324451011
41,096	2,63892	75,65255	1,1568669220809	963,628547409181
41,152	2,65008	75,75433	1,17156972799796	964,924975798645
41,208	2,66124	75,85642	1,18593270019567	966,225352830285
41,266	2,67288	75,95756	1,2011052762542	967,513629184287
41,324	2,68456	76,05865	1,21723738281446	968,801268660519
41,384	2,69652	76,15983	1,23351941601562	970,090054516737
41,446	2,70892	76,26249	1,24981144432617	971,39769195496
41,51	2,72168	76,3638	1,26758274882687	972,688133693382
41,574	2,73448	76,46447	1,28470437121704	973,970423396342
41,638	2,74736	76,56503	1,30316533826586	975,251311968207
41,706	2,761	76,66565	1,32196613903404	976,532964793397
41,78	2,77576	76,76836	1,34253607416479	977,84123910939
41,854	2,79044	76,87016	1,36403555446907	979,137922249962
41,932	2,80596	76,97087	1,38564498097668	980,420721455139
42,006	2,82072	77,07262	1,40735435857822	981,71676771794
42,086	2,83668	77,17293	1,4295834818682	982,994471900953
42,164	2,85232	77,27341	1,45208247311178	984,274341468386
42,25	2,86952	77,37553	1,4769503052815	985,575100626688
42,332	2,88596	77,4774	1,50079863629314	986,872675396138
42,424	2,90432	77,57899	1,52803530938899	988,166683650074
42,514	2,92232	77,68089	1,5542025057798	989,464640546186
42,61	2,94156	77,78203	1,58296843061278	990,752916900189
42,71	2,96148	77,88229	1,61307370010441	992,029984205431
42,808	2,98112	77,98299	1,6425392825949	993,312656035054
42,908	3,00112	78,07778	1,67286444449318	994,520048912213
43,008	3,02108	78,17267	1,70261988515607	995,728715544913
43,108	3,04104	78,26207	1,73295504216374	996,867452998421
43,208	3,06096	78,3514	1,76296036056145	998,00529882305
43,308	3,08096	78,43819	1,79400517033603	999,110791256942
43,408	3,10092	78,5211	1,82507996543879	1000,16686197585
43,508	3,12088	78,59805	1,85524520558678	1001,14701686452
43,608	3,14104	78,67931	1,88590020609503	1002,18207061701
43,708	3,16112	78,75623	1,91723487404201	1003,16184337902
43,808	3,18112	78,82677	1,94840962023869	1004,06035053752
43,908	3,20088	78,89441	1,97973429307627	1004,92191878535
44,008	3,22072	78,96702	2,01031932781877	1005,84679268355
44,108	3,24072	79,04134	2,04158402999999	1006,7934478015
44,208	3,26076	79,11023	2,07319856100997	1007,67093799358
44,308	3,2808	79,17704	2,10510295019234	1008,52193407041
44,408	3,3008	79,23575	2,13690738828079	1009,26975594844
44,508	3,32076	79,30081	2,16788223228961	1010,09846130331
44,608	3,3408	79,36295	2,20031636226982	1010,88997299638
44,708	3,36076	79,41602	2,23322026239149	1011,5659550619
44,808	3,38072	79,47615	2,264644886323	1012,33186426861
44,908	3,40084	79,54017	2,29669920214626	1013,14732256585
45,008	3,42076	79,59118	2,32921329300161	1013,79706526723
45,108	3,4408	79,64324	2,36063791693312	1014,46018240179
45,208	3,46084	79,69344	2,3929521056006	1015,09960768329
45,308	3,48076	79,74499	2,42527628937748	1015,75622866459
45,408	3,5008	79,79552	2,45753050738861	1016,39985733938
45,508	3,5208	79,8449	2,48945488678977	1017,02883782544
45,608	3,54088	79,89714	2,52209891406722	1017,69424771998
45,708	3,5608	79,94319	2,55480291200103	1018,28081214653
45,808	3,58076	79,9907	2,58737697351273	1018,88597340398
45,908	3,60076	80,035	2,62018092254048	1019,45024710858
46,008	3,62076	80,07641	2,65328472485001	1019,97770927804
46,108	3,6408	80,12126	2,68521909936056	1020,5489886381
46,208	3,66092	80,16857	2,71863275006127	1021,15160238447
46,308	3,68092	80,20483	2,75172655726141	1021,61346614358
46,408	3,70092	80,24357	2,78384084374103	1022,1069190401
46,508	3,72096	80,28547	2,81677472919088	1022,64062261171
46,608	3,74088	80,32534	2,85029832609492	1023,14846894584
46,708	3,76084	80,36142	2,88274245118451	1023,60803994497
46,808	3,78084	80,39795	2,9164759453858	1024,07334284404
46,908	3,80084	80,4346	2,94959973791411	1024,54017424976
47,008	3,82084	80,46761	2,98206385322249	1024,96064095379
47,108	3,8408	80,50337	3,01512767509445	1025,41613593519
47,208	3,86084	80,53713	3,04888115951452	1025,84615580578
47,308	3,88076	80,57276	3,0816351329953	1026,29999490498
47,408	3,90072	80,6074	3,11437911136668	1026,74122382432
47,508	3,92084	80,64353	3,14860236592823	1027,20143170123
47,608	3,94072	80,67051	3,1824957818798	1027,54509094615
47,708	3,96064	80,69771	3,2157894912678	1027,89155245325
47,808	3,9806	80,72979	3,24976286809452	1028,30017323075
47,908	4,00072	80,76257	3,28301659704494	1028,71771029704
48,008	4,0208	80,79146	3,31658017438655	1029,08569827279
48,108	4,04084	80,81524	3,35085340449506	1029,3885973404
48,208	4,06088	80,84888	3,38480679110299	1029,81708870434
48,308	4,08088	80,87207	3,41801054450645	1030,11247261426
48,408	4,10072	80,89281	3,45217382841163	1030,37664951343
48,508	4,12068	80,91636	3,48709674063068	1030,67661894329
48,608	4,14068	80,93829	3,52020054294021	1030,9559535334
48,708	4,16068	80,96754	3,55409395889179	1031,32852702909
48,808	4,18084	80,99284	3,58813730148426	1031,65078718092
48,908	4,20076	81,01269	3,62187079568555	1031,90362765578
49,008	4,2208	81,03719	3,65648385951341	1032,21569776329
49,108	4,2408	81,06202	3,69057717765285	1032,53197126408
49,208	4,26076	81,08236	3,72403080879113	1032,79105314108
49,308	4,28076	81,10052	3,75931354494833	1033,0223671473
49,408	4,30076	81,11826	3,79356678483805	1033,24833138024
49,508	4,3208	81,14049	3,82728028882055	1033,53148723697
49,608	4,34076	81,15688	3,86244308366504	1033,74025577011
49,708	4,36068	81,17513	3,89714610347744	1033,97271615632
49,808	4,38068	81,19715	3,93072967103784	1034,25319712641
49,908	4,40064	81,21456	3,96660211864922	1034,47495796607
50,008	4,42064	81,23156	4,00108524605498	1034,69149640801
50,108	4,4408	81,24914	4,03534848105409	1034,91542263209
50,208	4,46088	81,26302	4,07039133458586	1035,09221990116
50,308	4,48092	81,2771	4,10594393869667	1035,27156468131
50,408	4,5008	81,28772	4,14038708566486	1035,40683751974
50,508	4,52064	81,29755	4,17581974846295	1035,53204768941
50,608	4,54064	81,31596	4,20977313507088	1035,76654608448
50,708	4,56068	81,33647	4,24438619889875	1036,0277933459
50,808	4,5808	81,35479	4,28080837752675	1036,26114536098
50,908	4,6008	81,36282	4,3165908691536	1036,36342793091
51,008	4,6208	81,37104	4,35099403568421	1036,46813063637
51,108	4,64088	81,38076	4,38681650774863	1036,59193967494
51,208	4,66084	81,38869	4,42207925368704	1036,69294848933
51,308	4,68084	81,39595	4,45721206320335	1036,78542314159
51,408	4,70096	81,41001	4,49291459395505	1036,96451317063
51,508	4,72088	81,41848	4,52740771647021	1037,07240026494
51,608	4,74084	81,42818	4,56338011517552	1037,1959545524
51,708	4,76092	81,43829	4,59990224489745	1037,32473123758
51,808	4,78084	81,44353	4,63445533806896	1037,39147602792
51,908	4,80084	81,44925	4,6693882453974	1037,46433484486
52,008	4,82084	81,45695	4,7066600083238	1037,5624140215
52,108	4,84088	81,46574	4,74297224074848	1037,67437713354
52,208	4,8608	81,46566	4,77761528990452	1037,67335812911
52,308	4,88076	81,47426	4,81382757123527	1037,78290110562
52,408	4,9008	81,4833	4,85017978409751	1037,89804860651
52,508	4,92072	81,48611	4,88599226105254	1037,93384113721
52,608	4,94076	81,48991	4,92271429296233	1037,98224384776
52,708	4,96088	81,49563	4,95799702911953	1038,0551026647
52,808	4,98084	81,49601	4,99478902679506	1038,05994293575
52,908	5,00084	81,49618	5,03160101468939	1038,06210832017
53,008	5,02092	81,49856	5,06742348675381	1038,09242370204
53,108	5,04092	81,50004	5,10398559691331	1038,11127528405
53,208	5,06088	81,50336	5,14098749188609	1038,153563968
53,308	5,0808	81,50331	5,17660006665326	1038,15292709023
53,408	5,1008	81,50569	5,21423165351781	1038,1832424721
53,508	5,1208	81,50064	5,25084373922427	1038,11891781729
53,608	5,14076	81,49871	5,2865162846478	1038,09433433535
53,708	5,1608	81,50042	5,32410789107477	1038,1161155551
53,808	5,18076	81,49514	5,36126970779785	1038,04886126255
53,908	5,20072	81,49425	5,39808169569217	1038,03752483823
54,008	5,22088	81,49747	5,43564331679097	1038,07853976665
54,108	5,24076	81,49299	5,47139582308964	1038,02147551842
54,208	5,26064	81,48671	5,50964710673655	1037,94148367045
54,308	5,28064	81,48097	5,5475585566641	1037,86837010241
54,408	5,30072	81,477	5,58399073040149	1037,81780200744
54,508	5,3208	81,47441	5,62134245420303	1037,78481173893
54,608	5,34084	81,46801	5,65892406552062	1037,70329138432
54,708	5,36096	81,46288	5,69625579910337	1037,63794772507
54,808	5,38096	81,45317	5,73473697026632	1037,51426606206
54,908	5,40088	81,44513	5,77144900706672	1037,41185611657
55,008	5,4208	81,4379	5,80987020757331	1037,31976359097
55,108	5,44072	81,42623	5,84773168195389	1037,17111631936
55,208	5,4608	81,4185	5,8847135867079	1037,07265501605
55,308	5,48092	81,4125	5,92300485079238	1036,9962296836
55,408	5,50092	81,39812	5,96193580187802	1036,81306363683
55,508	5,52088	81,38589	5,99913759903867	1036,65728333418
55,608	5,54092	81,37392	6,03672920546564	1036,50481479594
55,708	5,56088	81,36739	6,0747705918153	1036,42163855913
55,808	5,58088	81,35461	6,11363157713518	1036,25885260101
55,908	5,60088	81,33721	6,15304229347168	1036,0372191369
56,008	5,62092	81,32449	6,19029406617929	1035,87519743211
56,108	5,64092	81,30445	6,22899512974889	1035,61993682173
56,208	5,66084	81,28784	6,26836586564781	1035,40836602639
56,308	5,68084	81,27076	6,30584752587147	1035,19080858002
56,408	5,7008	81,25216	6,34551811505218	1034,95389004942
56,508	5,7208	81,23499	6,38447905146599	1034,73518622306
56,608	5,74092	81,22216	6,42300020306651	1034,57176338717
56,708	5,76092	81,19867	6,46286069932569	1034,27255821063
56,808	5,781	81,17589	6,50193158194283	1033,98239669843
56,908	5,80104	81,14933	6,54099246945057	1033,64408722678
57,008	5,82084	81,11625	6,58077300483461	1033,22272889387
57,108	5,84072	81,09166	6,61917421512242	1032,90951240638
57,208	5,86076	81,06838	6,65915465269431	1032,61298211647
57,308	5,88088	81,04747	6,6980056429048	1032,34663983288
57,408	5,90088	81,01834	6,73806604135184	1031,97559484384
57,508	5,9208	80,98739	6,77885608278457	1031,58136750395
57,608	5,94084	80,95354	6,81828678933985	1031,15020125338
57,708	5,96084	80,9148	6,85835718289628	1030,65674835686
57,808	5,98084	80,87899	6,89928715586051	1030,20061649768
57,908	6,001	80,84521	6,93962741737056	1029,77034187599
58,008	6,021	80,80545	6,98126704310168	1029,26389667295
58,108	6,04096	80,76126	7,02108755892329	1028,70102409945
58,208	6,061	80,72019	7,06263722866989	1028,17789269883
58,308	6,081	80,67192	7,10384706469712	1027,56305089927
58,408	6,10092	80,61953	7,14419732131655	1026,89573037143
58,508	6,12092	80,56914	7,18653660470519	1026,2538849544
58,608	6,14104	80,52079	7,22790636248271	1025,63802415041
58,708	6,16096	80,46234	7,26870639902483	1024,89351403679
58,808	6,18088	80,40435	7,31024607366203	1024,15486319865
58,908	6,20088	80,34475	7,35107609553233	1023,39570489632
59,008	6,2208	80,28294	7,39370523709337	1022,60839659653
59,108	6,24076	80,22411	7,43456524429184	1021,85904621185
59,208	6,26088	80,16299	7,47653470863294	1021,08052682529
59,308	6,28088	80,08705	7,51979354208573	1020,11323686758
59,408	6,30088	80,01279	7,56082346614389	1019,16734600296
59,508	6,32096	79,94145	7,60357254901764	1018,25864880012
59,608	6,34096	79,86568	7,64556200357752	1017,29352422683
59,708	6,36096	79,78625	7,68812117937281	1016,28178020074
59,808	6,38088	79,70767	7,72971082955697	1015,28086309675
59,908	6,40088	79,63197	7,77217005425833	1014,31663015234
60,008	6,42092	79,54816	7,81606857471227	1013,24909563357
60,108	6,441	79,45731	7,85886763313298	1012,09188872472
60,208	6,46112	79,37028	7,90255625628967	1010,98333927753
60,308	6,48104	79,27299	7,94482557391256	1009,74410251185
60,408	6,50104	79,18149	7,98794447583385	1008,57861619198
60,508	6,52116	79,0903	8,03120330928664	1007,41707851429
60,608	6,54116	78,99397	8,07420226989522	1006,1900698018
60,708	6,56108	78,89568	8,11826071209945	1004,93809548072
60,808	6,58104	78,79446	8,16145957489588	1003,64880012228
60,908	6,60108	78,69515	8,20487833009896	1002,38383349468
61,006	6,62076	78,59491	8,24704769662792	1001,10702094054
61,1	6,63964	78,49448	8,28879726856237	999,827788250879
61,196	6,65892	78,39319	8,33069676713771	998,537601263566
61,29	6,67776	78,29192	8,37075716558475	997,24766902736
61,382	6,69616	78,19044	8,41173711409595	995,955061904519
61,478	6,71528	78,08845	8,45355665179615	994,65595862842
61,568	6,73308	77,98716	8,49247760777239	993,365771641107
61,662	6,75184	77,88652	8,53303776168908	992,083864064809
61,752	6,76988	77,7846	8,5726983557604	990,785652417588
61,846	6,7888	77,68446	8,61448790813242	989,510113618994
61,93	6,8056	77,5825	8,65130989113614	988,211392469557
62,018	6,8232	77,48125	8,68948121390791	986,92171498446
62,106	6,8408	77,37944	8,72877198893169	985,624904468335
62,192	6,85804	77,2785	8,76638358557745	984,339175625414
62,278	6,8752	77,17739	8,80432502083318	983,051281398074
62,368	6,8932	77,07664	8,84374573227907	981,767972690681
62,454	6,91048	76,97434	8,88181710395691	980,464920772405
62,538	6,92724	76,87313	8,91993845118171	979,175752789525
62,616	6,94288	76,7731	8,95389183778964	977,901615122026
62,698	6,95924	76,67062	8,98985424138557	976,596270443776
62,782	6,97608	76,57031	9,02727593095286	975,318566260763
62,864	6,99248	76,4684	9,0639180019875	974,020481989097
62,946	7,00884	76,36646	9,09968050339556	972,722015590768
63,028	7,02524	76,26584	9,13578283852299	971,440362765578
63,114	7,0426	76,16374	9,17432398034229	970,139858358384
63,196	7,05896	76,06199	9,21062621765758	968,843812095583
63,276	7,07508	75,96096	9,247008415848	967,556936872676
63,354	7,09068	75,85972	9,28166146011344	966,267386763132
63,432	7,10636	75,75874	9,31653439678553	964,981148417996
63,506	7,12096	75,65735	9,34960821376688	963,689687675141
63,582	7,13608	75,55651	9,38316179599909	962,405232587762
63,666	7,15284	75,45469	9,41967393061163	961,108294696082
63,748	7,16936	75,35467	9,45661585492806	959,834284404137
63,828	7,1854	75,25264	9,49220843947644	958,534671625822
63,904	7,2006	75,15209	9,5262617771783	957,25391042951
63,982	7,2162	75,05054	9,56052501217742	955,960411677791
64,06	7,2318	74,94858	9,5956878070219	954,661690528354
64,138	7,24736	74,84712	9,63077064099124	953,369338156621
64,212	7,26216	74,74628	9,66415430636377	952,084883069241
64,288	7,27732	74,64527	9,69846751690985	950,798262597442
64,362	7,29216	74,54443	9,73156132410999	949,513807510063
64,44	7,30792	74,44291	9,76618438304725	948,220690885005
64,514	7,32272	74,34171	9,79935815112253	946,931650277679
64,588	7,33756	74,24013	9,83273182138567	945,637769399297
64,662	7,35236	74,13846	9,86550578508523	944,342742140928
64,74	7,36804	74,03635	9,90058861905457	943,04211035818
64,814	7,3828	73,93503	9,93418218172436	941,751541244204
64,886	7,3972	73,83503	9,96668627747031	940,477785703368
64,96001	7,41196	73,73384	10,0000299624053	939,188872471595
65,034	7,4268	73,63318	10,0343531680607	937,906710144189
65,108	7,44172	73,53241	10,0667273273846	936,623146685688
65,178	7,45568	73,43151	10,0982818877382	935,337927344984
65,25	7,47008	73,3305	10,1305361057493	934,051306873185
65,32201	7,48444	73,22783	10,1630901770422	932,743542059408
65,398	7,49964	73,12654	10,1966437592745	931,453355072095
65,47	7,514	73,02513	10,2286181142226	930,161639578132
65,54401	7,52876	72,92317	10,2623016328769	928,862918428695
65,618	7,54356	72,82121	10,2962050439379	927,564197279258
65,692	7,55844	72,71976	10,3293288364662	926,271972283079
65,764	7,57288	72,61848	10,3622027512597	924,98191267132
65,832	7,58648	72,51828	10,3926378593613	923,705609619402
65,902	7,60048	72,4175	10,4246022192	922,421918785347
65,972	7,61452	72,31678	10,4564766230542	921,138992204616
66,042	7,6286	72,21649	10,4888407872687	919,861542772711
66,112	7,64264	72,1142	10,5199955432466	918,558618229989
66,18201	7,65664	72,01173	10,5523397172422	917,253400927294
66,25201	7,6706	71,90888	10,5838243118301	915,943343353543
66,32201	7,68464	71,8068	10,6161385004976	914,643093697458
66,39401	7,69912	71,70601	10,6482427918678	913,359275487849
66,46201	7,71268	71,60375	10,6791976456579	912,056733071789
66,53201	7,72672	71,50263	10,7113419174657	910,768711468895
66,60201	7,74068	71,40144	10,7431663457729	909,479798237122
66,67001	7,75436	71,30023	10,7741611800005	908,190630254242
66,73801	7,76796	71,1988	10,8049061364933	906,898660009171
66,804	7,78112	71,09873	10,8347115527031	905,624012839456
66,872	7,79472	70,99867	10,8658463184623	904,349493045295
66,94	7,80832	70,89645	10,8969810842214	903,047460131452
67,012	7,82284	70,79449	10,9293552435452	901,748738982015
67,08	7,83644	70,69254	10,9605499799607	900,450145208132
67,146	7,8496	70,59131	10,9902754352954	899,160722474143
67,21201	7,86276	70,49077	11,0206405776312	897,880088653386
67,28001	7,87624	70,38814	11,050825807998	896,572833341825
67,35001	7,89024	70,28728	11,0828701287119	895,288123503337
67,416	7,90344	70,18701	11,1130253737505	894,01092882254
67,482	7,91668	70,08615	11,1432505845549	892,726218984053
67,55	7,93024	69,9854	11,1751849590654	891,44291027666
67,61401	7,94312	69,88294	11,2044906198056	890,137820349519
67,68	7,9564	69,7826	11,2343959871094	888,859734039843
67,746	7,9696	69,67981	11,2653208555712	887,550440719417
67,81001	7,98244	69,57957	11,2949263695932	886,273628165283
67,876	7,99568	69,47701	11,3247417809125	884,967264482601
67,942	8,00884	69,37438	11,3554167716395	883,66000917104
68,008	8,022	69,27139	11,3856020020063	882,348168339532
68,07	8,03432	69,17008	11,4140480833387	881,057726601111
68,136	8,04744	69,06758	11,4439834359707	879,752127171753
68,204	8,061	68,96458	11,4748883142137	878,440158964692
68,27001	8,07428	68,86283	11,505213476112	877,14411270189
68,33601	8,0876	68,76025	11,5359684277142	875,8374942681
68,398	8,1	68,65837	11,5647443476566	874,539792123096
68,46001	8,11244	68,55692	11,5933103703017	873,247567126917
68,522	8,12484	68,45603	11,6214466032429	871,962475161767
68,584	8,13724	68,35384	11,6500426112162	870,660824374586
68,65	8,15048	68,25142	11,6806276459587	869,356243949661
68,71201	8,16288	68,15134	11,7092936196978	868,081469404392
68,774	8,17528	68,05063	11,737939603218	866,798670199216
68,83801	8,18808	67,94828	11,7667155231604	865,494981403169
68,902	8,20088	67,84694	11,79603117901	864,204157538085
68,966	8,2138	67,74604	11,8250469815778	862,918938197381
69,028	8,22616	67,64317	11,8543926227556	861,608625872523
69,09001	8,23852	67,54087	11,8829286600725	860,305573954247
69,15401	8,25132	67,43803	11,9123242767972	858,99564375605
69,21401	8,26332	67,33595	11,9395609498931	857,695394099964
69,278	8,27616	67,23362	11,9694863074157	856,391960055026
69,33801	8,28812	67,13326	11,9978924083105	855,113618994243
69,398	8,30008	67,03236	12,0251490716251	853,828399653539
69,46001	8,31252	66,93085	12,0534152409885	852,535410404035
69,522	8,32492	66,82914	12,0821311902745	851,23987364345
69,582	8,337	66,72792	12,1100375356997	849,950578285016
69,64401	8,34948	66,62688	12,1392132600177	848,663575686554
69,702	8,36108	66,52519	12,1665198988794	847,368293677077
69,762	8,37316	66,42323	12,1944462345233	846,069572527641
69,82401	8,3856	66,32141	12,2225624772458	844,772634635961
69,882	8,39728	66,22124	12,2504388373428	843,496713710705
69,942	8,40936	66,11823	12,2784851142994	842,184618128089
70	8,42084	66,0174	12,3053019928008	840,900290416263
70,056	8,43192	65,91454	12,3310593897065	839,590105466959
70,11601	8,44388	65,8136	12,3584259992245	838,304376624038
70,176	8,45584	65,71314	12,386672178369	837,024761807714
70,236	8,46792	65,61249	12,4153481472174	835,742726855862
70,29601	8,48004	65,51176	12,4420250941873	834,459672899577
70,354	8,49164	65,41138	12,4693117428301	833,181077087685
70,41	8,50288	65,30957	12,4958087778309	831,88426657156
70,47	8,51492	65,2068	12,5241249227412	830,575228002242
70,528	8,52648	65,10457	12,5510517474459	829,273067712845
70,58601	8,53812	65,0041	12,5779985623693	827,993325520966
70,64401	8,54972	64,9021	12,6046255337922	826,694094869313
70,702	8,56128	64,79943	12,6314324171841	825,386330055536
70,76	8,57288	64,69768	12,658619114733	824,090283792735
70,818	8,58444	64,59436	12,6860556900168	822,774239567942
70,87601	8,59612	64,49094	12,7135722261756	821,456921587609
70,93601	8,60816	64,38974	12,7413586302881	820,167880980282
70,99201	8,6194	64,28664	12,7673559098192	818,85463901768
71,04601	8,63024	64,18503	12,7936530426321	817,560376012636
71,10201	8,64148	64,08282	12,8204999064616	816,258470474347
71,16	8,65304	63,97929	12,8472867996348	814,939751362919
71,216	8,66432	63,87761	12,8736538982135	813,644596728996
71,274	8,67592	63,7753	12,9005407424806	812,341417435166
71,328	8,68672	63,67223	12,9263381198238	811,028557599226
71,384	8,69792	63,57212	12,9536147733573	809,753400927294
71,438	8,70868	63,47207	12,9780128353855	808,479008508687
71,49201	8,71948	63,37129	13,0036203056503	807,195317674632
71,54801	8,73072	63,2688	13,0303572232765	805,889845620828
71,604	8,742	63,16856	13,0560046739789	804,613033066694
71,65801	8,75276	63,06758	13,0817920562128	803,326794721557
71,71201	8,76356	62,96454	13,1079392623848	802,014317012279
71,76601	8,77436	62,86381	13,1329370309766	800,731263055994
71,82	8,78512	62,76315	13,157465029427	799,449100728588
71,87601	8,79636	62,66043	13,1838221328962	798,140699037041
71,93	8,80712	62,55867	13,2096295053489	796,844525398686
71,984	8,81788	62,45499	13,2355868044425	795,523895653946
72,038	8,82864	62,35307	13,2611542942697	794,225684006725
72,094	8,83988	62,25145	13,2864319259245	792,931293626127
72,148	8,85072	62,1496	13,3120593864081	791,633973607785
72,20001	8,86124	62,04944	13,3378667588608	790,358180058083
72,25401	8,87216	61,94873	13,3637241068604	789,075380852907
72,30801	8,88296	61,84484	13,3887818461086	787,752076221532
72,358	8,89296	61,74389	13,412600191792	786,466220003057
72,41	8,90336	61,64153	13,437448033743	785,162403831457
72,46401	8,91412	61,5379	13,4622558952563	783,842410964488
72,51801	8,92496	61,4354	13,4881332334747	782,53681153513
72,57201	8,93576	61,33318	13,514160498334	781,234778621287
72,622	8,94576	61,23258	13,5383686532838	779,953380547205
72,674	8,9562	61,12965	13,5626167886712	778,642303969022
72,72601	8,9666	61,02924	13,5869348898243	777,363326030468
72,778	8,97696	60,92718	13,6118227122128	776,06333112549
72,83	8,9874	60,82385	13,6376900553218	774,747159525144
72,882	8,99784	60,72283	13,6624379461788	773,460411677791
72,93401	9,00824	60,62069	13,686376233175	772,15939776838
72,984	9,0182	60,52026	13,7100346571082	770,880165078718
73,03401	9,0282	60,42011	13,7342827924955	769,60449890457
73,08401	9,0382	60,31983	13,7585209327735	768,327176848219
73,134	9,0482	60,21895	13,782189351816	767,042212258623
73,18601	9,05864	60,11716	13,8071471399703	765,745656493606
73,23801	9,06904	60,01443	13,8320449574682	764,437127426504
73,286	9,07864	59,91184	13,8550137188532	763,13038161716
73,33601	9,08864	59,80936	13,8791119275997	761,825036938911
73,386	9,09868	59,70811	13,9030602097053	760,535359453814
73,43601	9,10864	59,60692	13,927318340202	759,246446222041
73,486	9,11872	59,50647	13,9519662799651	757,966958781271
73,536	9,12876	59,40533	13,9752948652883	756,678682427269
73,58401	9,13844	59,3046	13,9978238418601	755,395628470984
73,632	9,14796	59,20433	14,0208625690109	754,118433790187
73,68	9,15752	59,1031	14,0453006114767	752,829011056198
73,72801	9,16708	59,00227	14,0685092554872	751,544683344373
73,776	9,1766	58,90224	14,0911781635904	750,270545676874
73,82601	9,1866	58,80042	14,114616695117	748,973607785194
73,87601	9,1966	58,69797	14,1386749234258	747,668645233607
73,924	9,20616	58,59722	14,1620734745148	746,385336526214
73,972	9,2158	58,49666	14,1849522799153	745,104447954349
74,02001	9,22544	58,39612	14,207911046191	743,823814133592
74,068	9,23504	58,29403	14,2317793674214	742,523437101951
74,11601	9,24468	58,1921	14,2549780163225	741,225098079177
74,164	9,25436	58,08914	14,2777268853009	739,913639374331
74,21201	9,26396	57,98802	14,3005557151545	738,625617771437
74,26	9,27356	57,88493	14,3240842026655	737,312503184389
74,30801	9,28316	57,78122	14,3479425287865	735,991491312987
74,356	9,2928	57,68081	14,3712711141097	734,712513374433
74,40401	9,30244	57,57797	14,39366015915	733,402583176237
74,45001	9,31164	57,47724	14,4155694389394	732,119529219952
74,498	9,32128	57,37448	14,439517721045	730,810618026188
74,54401	9,3304	57,27401	14,4625764384146	729,53087583431
74,59001	9,33956	57,17221	14,4845956644073	728,234192693738
74,638	9,34912	57,068	14,5071946067448	726,906812044632
74,68601	9,35872	56,96521	14,5301433779111	725,597518724206
74,732	9,36792	56,86408	14,5531321295149	724,309369745758
74,778	9,37716	56,7638	14,5760609104624	723,032047689407
74,82601	9,38688	56,66069	14,5998292805989	721,718678351251
74,872	9,39616	56,5561	14,6221083794358	720,38645743109
74,91801	9,40536	56,45165	14,6445174146949	719,056019768686
74,96201	9,4142	56,34826	14,6668864695163	717,739083915015
75,008	9,42336	56,24473	14,6890456270406	716,420364803587
75,054	9,43256	56,14191	14,7109748970488	715,110689356499
75,10001	9,4418	56,03925	14,7336138198238	713,803051918276
75,146	9,45104	55,93533	14,7560028648641	712,479365160239
75,192	9,46028	55,83235	14,7791115577807	711,167651704285
75,236	9,46908	55,73112	14,8001112826153	709,878228970296
75,28201	9,47832	55,62685	14,8222604450301	708,550084067866
75,328	9,48756	55,52326	14,8452591917434	707,230600703113
75,372	9,49636	55,42248	14,8674583297052	705,946909869058
75,416	9,50516	55,3211	14,8889578100094	704,655576501758
75,46201	9,51444	55,21907	14,9114667963624	703,355963723442
75,50601	9,52328	55,11596	14,9327763695882	702,042594385286
75,55	9,53204	55,01209	14,9543358205489	700,719544505019
75,594	9,54084	54,90786	14,9771246699649	699,391909104805
75,638	9,54968	54,80422	14,9989739790979	698,071788862282
75,68201	9,55844	54,70233	15,0206033958243	696,773959341723
75,72601	9,5672	54,5997	15,0417530472998	695,466704030163
75,77001	9,57604	54,49654	15,0637023075268	694,152697814236
75,814	9,58484	54,39454	15,085301738925	692,853467162582
75,856	9,59324	54,29347	15,105521845227	691,566082437459
75,9	9,602	54,18941	15,1268913891092	690,240612421664
75,944	9,6108	54,08557	15,1485208058356	688,917944668059
75,98801	9,6196	53,98273	15,1715295476582	687,608014469863
76,03001	9,628	53,88204	15,1926991893525	686,325470015795
76,07201	9,63644	53,78053	15,2130392369672	685,032480766291
76,11601	9,64532	53,67774	15,2339789911455	683,723187445865
76,16	9,65416	53,57518	15,2556983638564	682,416823763183
76,20001	9,66216	53,47413	15,2766880935817	681,129693789168
76,24201	9,67056	53,37007	15,2985074173865	679,804223773373
76,28401	9,679	53,26641	15,3195970982057	678,483848779742
76,32601	9,68748	53,16385	15,3400071115862	677,17748509706
76,368	9,69588	53,06284	15,3606170271545	675,890864625261
76,41	9,70436	52,95895	15,3824063656312	674,567559993886
76,45001	9,7124	52,85832	15,4024565550735	673,285779793142
76,49001	9,7204	52,75787	15,4227866075788	672,006292352372
76,53001	9,72832	52,65489	15,442656885052	670,694578896418
76,57001	9,73624	52,55164	15,4623272603374	669,379426300504
76,61201	9,74464	52,45099	15,4838067504229	668,097391348652
76,65401	9,753	52,34774	15,5047365094918	666,782238752739
76,69601	9,76136	52,24444	15,5248566646998	665,466449279054
76,73801	9,76984	52,14123	15,5454965655963	664,151806185357
76,78001	9,77832	52,03732	15,5666762024	662,828246802874
76,82201	9,78676	51,93334	15,5890252670027	661,503795791512
76,86201	9,7948	51,83176	15,6092353781953	660,20991491313
76,902	9,8028	51,72718	15,629065675231	658,877821368523
76,942	9,81084	51,62448	15,6489159624854	657,569674428084
76,982	9,81884	51,52162	15,6692160296626	656,259489478779
77,022	9,82684	51,42058	15,6901158034033	654,972486880318
77,06201	9,83488	51,31867	15,7110455624722	653,674402608651
77,10201	9,84288	51,21562	15,7303860991476	652,361797523819
77,14201	9,85088	51,11254	15,7506062054496	651,048810312325
77,18	9,85848	51,01144	15,7696968643901	649,761043460539
77,218	9,86608	50,91055	15,7895171663164	648,475951495389
77,258	9,87408	50,80847	15,8099271796969	647,175701839303
77,29801	9,88204	50,70456	15,8304771246088	645,85214245682
77,33601	9,88964	50,60415	15,8493878715803	644,573164518266
77,374	9,89724	50,5031	15,8690682419751	643,28603454425
77,412	9,90492	50,40264	15,8886386661665	642,006419727926
77,452	9,913	50,29855	15,9091986061879	640,680567585469
77,49001	9,9206	50,19716	15,9282992602378	639,389106842615
77,528	9,9282	50,09288	15,9476497920226	638,06083456463
77,566	9,9358	49,98853	15,9669103678229	636,731670657767
77,604	9,94344	49,88605	15,9866007333271	635,426325979518
77,64201	9,951	49,78122	16,0066509227694	634,091048046059
77,68	9,9586	49,67743	16,025921493679	632,769017170225
77,718	9,96624	49,576	16,0450821183853	631,477046925154
77,75601	9,97388	49,47414	16,0642727284199	630,179599531258
77,79401	9,98148	49,37072	16,0839331085958	628,862281550925
77,83	9,98868	49,26943	16,1040132833663	627,572094563611
77,86601	9,99584	49,16793	16,122954015666	626,279232689662
77,902	10,00308	49,06619	16,1411251245424	624,983313802415
77,94	10,01064	48,96106	16,1606655634057	623,644214602334
77,97601	10,0178	48,85746	16,1792464717672	622,324603862027
78,01	10,0246	48,75563	16,1975475170658	621,027538594793
78,03401	10,0294	48,62002	16,2115906457629	619,300198705864
78,036	10,02988	48,33136	16,2167281319909	615,623375961685
78,038	10,03044	47,56183	16,227412903932	605,821444948286
78,04	10,03088	46,19526	16,2468833770295	588,414683853875
78,04201	10,03176	44,33932	16,2830556779227	564,774545269272
78,04401	10,03232	42,15775	16,3432662169059	536,986676517043
78,04601	10,03296	39,73591	16,4244764807239	506,138355326846
78,04801	10,03364	37,12252	16,5198797998798	472,850155398176
78,05	10,03408	34,38737	16,6369425210903	438,011030722984
78,052	10,03476	31,60247	16,7992531025228	402,538212666225
78,054	10,03516	28,81599	17,0296003935933	367,045269271921
